{
"/Users/hutu/webwork/blog/jackblog-api-es5/server/api/user/index.js":{"path":"/Users/hutu/webwork/blog/jackblog-api-es5/server/api/user/index.js","s":{"1":1,"2":1,"3":1,"4":1,"5":1,"6":1,"7":1,"8":1,"9":1,"10":1,"11":1,"12":1,"13":1},"b":{},"f":{},"fnMap":{},"statementMap":{"1":{"start":{"line":3,"column":0},"end":{"line":3,"column":33}},"2":{"start":{"line":4,"column":0},"end":{"line":4,"column":46}},"3":{"start":{"line":5,"column":0},"end":{"line":5,"column":46}},"4":{"start":{"line":7,"column":0},"end":{"line":7,"column":30}},"5":{"start":{"line":9,"column":0},"end":{"line":9,"column":73}},"6":{"start":{"line":10,"column":0},"end":{"line":10,"column":66}},"7":{"start":{"line":11,"column":0},"end":{"line":11,"column":64}},"8":{"start":{"line":12,"column":0},"end":{"line":12,"column":76}},"9":{"start":{"line":14,"column":0},"end":{"line":14,"column":65}},"10":{"start":{"line":15,"column":0},"end":{"line":15,"column":82}},"11":{"start":{"line":16,"column":0},"end":{"line":16,"column":49}},"12":{"start":{"line":18,"column":0},"end":{"line":18,"column":60}},"13":{"start":{"line":20,"column":0},"end":{"line":20,"column":24}}},"branchMap":{},"l":{"3":1,"4":1,"5":1,"7":1,"9":1,"10":1,"11":1,"12":1,"14":1,"15":1,"16":1,"18":1,"20":1}},
"/Users/hutu/webwork/blog/jackblog-api-es5/server/api/user/user.controller.js":{"path":"/Users/hutu/webwork/blog/jackblog-api-es5/server/api/user/user.controller.js","s":{"1":1,"2":1,"3":1,"4":1,"5":1,"6":1,"7":1,"8":1,"9":1,"10":1,"11":1,"12":1,"13":1,"14":1,"15":0,"16":1,"17":2,"18":2,"19":2,"20":2,"21":2,"22":2,"23":1,"24":2,"25":2,"26":2,"27":0,"28":1,"29":6,"30":6,"31":6,"32":6,"33":6,"34":6,"35":1,"36":5,"37":1,"38":4,"39":1,"40":3,"41":1,"42":6,"43":4,"44":2,"45":2,"46":2,"47":1,"48":1,"49":1,"50":1,"51":1,"52":1,"53":3,"54":3,"55":1,"56":2,"57":1,"58":1,"59":1,"60":1,"61":7,"62":7,"63":7,"64":7,"65":7,"66":7,"67":7,"68":1,"69":6,"70":1,"71":5,"72":1,"73":4,"74":1,"75":7,"76":4,"77":3,"78":3,"79":3,"80":3,"81":3,"82":3,"83":1,"84":3,"85":2,"86":2,"87":1,"88":1,"89":1,"90":1,"91":4,"92":4,"93":4,"94":4,"95":1,"96":3,"97":1,"98":4,"99":2,"100":2,"101":2,"102":2,"103":1,"104":1,"105":1,"106":1,"107":1,"108":1,"109":1,"110":0},"b":{"1":[0,2],"2":[1,1],"3":[2,1],"4":[1,1],"5":[5,1],"6":[5,1],"7":[1,5],"8":[1,4],"9":[1,3],"10":[4,4,4],"11":[1,2],"12":[3,3,3],"13":[4,2],"14":[1,0],"15":[1,0],"16":[1,2],"17":[1,0],"18":[6,1],"19":[6,1],"20":[1,6],"21":[1,5],"22":[1,4],"23":[5,5,5],"24":[1,3],"25":[4,4,4],"26":[4,3],"27":[3,0],"28":[1,2],"29":[2,0],"30":[1,0],"31":[3,1],"32":[1,3],"33":[1,2],"34":[3,3,3],"35":[2,2],"36":[1,0]},"f":{"1":1,"2":1,"3":1,"4":0,"5":2,"6":2,"7":2,"8":0,"9":6,"10":1,"11":1,"12":3,"13":1,"14":1,"15":7,"16":3,"17":2,"18":1,"19":4,"20":1,"21":1,"22":1,"23":1,"24":0},"fnMap":{"1":{"name":"(anonymous_1)","line":10,"loc":{"start":{"line":10,"column":21},"end":{"line":10,"column":40}}},"2":{"name":"(anonymous_2)","line":18,"loc":{"start":{"line":18,"column":16},"end":{"line":18,"column":35}}},"3":{"name":"(anonymous_3)","line":20,"loc":{"start":{"line":20,"column":33},"end":{"line":20,"column":49}}},"4":{"name":"(anonymous_4)","line":22,"loc":{"start":{"line":22,"column":10},"end":{"line":22,"column":25}}},"5":{"name":"(anonymous_5)","line":27,"loc":{"start":{"line":27,"column":22},"end":{"line":27,"column":41}}},"6":{"name":"(anonymous_6)","line":39,"loc":{"start":{"line":39,"column":24},"end":{"line":39,"column":41}}},"7":{"name":"(anonymous_7)","line":44,"loc":{"start":{"line":44,"column":16},"end":{"line":44,"column":36}}},"8":{"name":"(anonymous_8)","line":47,"loc":{"start":{"line":47,"column":10},"end":{"line":47,"column":25}}},"9":{"name":"(anonymous_9)","line":54,"loc":{"start":{"line":54,"column":18},"end":{"line":54,"column":37}}},"10":{"name":"(anonymous_10)","line":76,"loc":{"start":{"line":76,"column":29},"end":{"line":76,"column":51}}},"11":{"name":"(anonymous_11)","line":83,"loc":{"start":{"line":83,"column":10},"end":{"line":83,"column":25}}},"12":{"name":"(anonymous_12)","line":92,"loc":{"start":{"line":92,"column":18},"end":{"line":92,"column":37}}},"13":{"name":"(anonymous_13)","line":98,"loc":{"start":{"line":98,"column":50},"end":{"line":98,"column":65}}},"14":{"name":"(anonymous_14)","line":105,"loc":{"start":{"line":105,"column":11},"end":{"line":105,"column":26}}},"15":{"name":"(anonymous_15)","line":112,"loc":{"start":{"line":112,"column":21},"end":{"line":112,"column":40}}},"16":{"name":"(anonymous_16)","line":134,"loc":{"start":{"line":134,"column":38},"end":{"line":134,"column":54}}},"17":{"name":"(anonymous_17)","line":143,"loc":{"start":{"line":143,"column":35},"end":{"line":143,"column":58}}},"18":{"name":"(anonymous_18)","line":152,"loc":{"start":{"line":152,"column":11},"end":{"line":152,"column":26}}},"19":{"name":"(anonymous_19)","line":162,"loc":{"start":{"line":162,"column":17},"end":{"line":162,"column":41}}},"20":{"name":"(anonymous_20)","line":189,"loc":{"start":{"line":189,"column":25},"end":{"line":189,"column":50}}},"21":{"name":"(anonymous_21)","line":191,"loc":{"start":{"line":191,"column":10},"end":{"line":191,"column":25}}},"22":{"name":"(anonymous_22)","line":200,"loc":{"start":{"line":200,"column":26},"end":{"line":200,"column":50}}},"23":{"name":"(anonymous_23)","line":201,"loc":{"start":{"line":201,"column":39},"end":{"line":201,"column":55}}},"24":{"name":"(anonymous_24)","line":203,"loc":{"start":{"line":203,"column":10},"end":{"line":203,"column":25}}}},"statementMap":{"1":{"start":{"line":3,"column":0},"end":{"line":3,"column":35}},"2":{"start":{"line":4,"column":0},"end":{"line":4,"column":34}},"3":{"start":{"line":5,"column":0},"end":{"line":5,"column":34}},"4":{"start":{"line":6,"column":0},"end":{"line":6,"column":29}},"5":{"start":{"line":10,"column":0},"end":{"line":16,"column":2}},"6":{"start":{"line":11,"column":1},"end":{"line":11,"column":22}},"7":{"start":{"line":12,"column":1},"end":{"line":12,"column":18}},"8":{"start":{"line":13,"column":1},"end":{"line":13,"column":18}},"9":{"start":{"line":14,"column":1},"end":{"line":14,"column":27}},"10":{"start":{"line":15,"column":1},"end":{"line":15,"column":34}},"11":{"start":{"line":18,"column":0},"end":{"line":25,"column":1}},"12":{"start":{"line":19,"column":1},"end":{"line":19,"column":27}},"13":{"start":{"line":20,"column":1},"end":{"line":24,"column":4}},"14":{"start":{"line":21,"column":2},"end":{"line":21,"column":45}},"15":{"start":{"line":23,"column":2},"end":{"line":23,"column":32}},"16":{"start":{"line":27,"column":0},"end":{"line":51,"column":1}},"17":{"start":{"line":28,"column":1},"end":{"line":28,"column":91}},"18":{"start":{"line":29,"column":1},"end":{"line":29,"column":95}},"19":{"start":{"line":30,"column":1},"end":{"line":30,"column":49}},"20":{"start":{"line":32,"column":1},"end":{"line":32,"column":56}},"21":{"start":{"line":33,"column":1},"end":{"line":33,"column":37}},"22":{"start":{"line":34,"column":1},"end":{"line":36,"column":2}},"23":{"start":{"line":35,"column":2},"end":{"line":35,"column":28}},"24":{"start":{"line":39,"column":1},"end":{"line":49,"column":3}},"25":{"start":{"line":40,"column":2},"end":{"line":46,"column":5}},"26":{"start":{"line":45,"column":4},"end":{"line":45,"column":65}},"27":{"start":{"line":48,"column":2},"end":{"line":48,"column":32}},"28":{"start":{"line":54,"column":0},"end":{"line":89,"column":1}},"29":{"start":{"line":55,"column":1},"end":{"line":55,"column":85}},"30":{"start":{"line":56,"column":1},"end":{"line":56,"column":76}},"31":{"start":{"line":57,"column":1},"end":{"line":57,"column":60}},"32":{"start":{"line":58,"column":2},"end":{"line":58,"column":55}},"33":{"start":{"line":59,"column":1},"end":{"line":59,"column":15}},"34":{"start":{"line":60,"column":1},"end":{"line":69,"column":2}},"35":{"start":{"line":61,"column":2},"end":{"line":61,"column":23}},"36":{"start":{"line":62,"column":7},"end":{"line":69,"column":2}},"37":{"start":{"line":63,"column":2},"end":{"line":63,"column":25}},"38":{"start":{"line":64,"column":7},"end":{"line":69,"column":2}},"39":{"start":{"line":66,"column":2},"end":{"line":66,"column":22}},"40":{"start":{"line":67,"column":7},"end":{"line":69,"column":2}},"41":{"start":{"line":68,"column":2},"end":{"line":68,"column":24}},"42":{"start":{"line":70,"column":1},"end":{"line":72,"column":2}},"43":{"start":{"line":71,"column":2},"end":{"line":71,"column":53}},"44":{"start":{"line":74,"column":2},"end":{"line":74,"column":35}},"45":{"start":{"line":75,"column":2},"end":{"line":75,"column":24}},"46":{"start":{"line":76,"column":2},"end":{"line":88,"column":4}},"47":{"start":{"line":77,"column":2},"end":{"line":81,"column":5}},"48":{"start":{"line":82,"column":2},"end":{"line":82,"column":63}},"49":{"start":{"line":84,"column":2},"end":{"line":86,"column":3}},"50":{"start":{"line":85,"column":3},"end":{"line":85,"column":48}},"51":{"start":{"line":87,"column":2},"end":{"line":87,"column":35}},"52":{"start":{"line":92,"column":0},"end":{"line":109,"column":1}},"53":{"start":{"line":93,"column":1},"end":{"line":93,"column":27}},"54":{"start":{"line":95,"column":1},"end":{"line":108,"column":2}},"55":{"start":{"line":96,"column":2},"end":{"line":96,"column":57}},"56":{"start":{"line":98,"column":2},"end":{"line":107,"column":5}},"57":{"start":{"line":99,"column":3},"end":{"line":103,"column":6}},"58":{"start":{"line":104,"column":3},"end":{"line":104,"column":47}},"59":{"start":{"line":106,"column":3},"end":{"line":106,"column":33}},"60":{"start":{"line":112,"column":0},"end":{"line":159,"column":1}},"61":{"start":{"line":114,"column":1},"end":{"line":114,"column":32}},"62":{"start":{"line":115,"column":1},"end":{"line":115,"column":85}},"63":{"start":{"line":116,"column":1},"end":{"line":116,"column":76}},"64":{"start":{"line":117,"column":1},"end":{"line":117,"column":60}},"65":{"start":{"line":118,"column":2},"end":{"line":118,"column":55}},"66":{"start":{"line":119,"column":1},"end":{"line":119,"column":15}},"67":{"start":{"line":120,"column":1},"end":{"line":129,"column":2}},"68":{"start":{"line":121,"column":2},"end":{"line":121,"column":23}},"69":{"start":{"line":122,"column":7},"end":{"line":129,"column":2}},"70":{"start":{"line":123,"column":2},"end":{"line":123,"column":25}},"71":{"start":{"line":124,"column":7},"end":{"line":129,"column":2}},"72":{"start":{"line":126,"column":2},"end":{"line":126,"column":22}},"73":{"start":{"line":127,"column":7},"end":{"line":129,"column":2}},"74":{"start":{"line":128,"column":2},"end":{"line":128,"column":24}},"75":{"start":{"line":130,"column":1},"end":{"line":132,"column":2}},"76":{"start":{"line":131,"column":2},"end":{"line":131,"column":53}},"77":{"start":{"line":134,"column":2},"end":{"line":157,"column":4}},"78":{"start":{"line":135,"column":4},"end":{"line":135,"column":38}},"79":{"start":{"line":136,"column":4},"end":{"line":136,"column":46}},"80":{"start":{"line":137,"column":4},"end":{"line":139,"column":5}},"81":{"start":{"line":138,"column":5},"end":{"line":138,"column":35}},"82":{"start":{"line":140,"column":4},"end":{"line":142,"column":5}},"83":{"start":{"line":141,"column":5},"end":{"line":141,"column":42}},"84":{"start":{"line":143,"column":4},"end":{"line":150,"column":7}},"85":{"start":{"line":144,"column":6},"end":{"line":148,"column":9}},"86":{"start":{"line":149,"column":6},"end":{"line":149,"column":67}},"87":{"start":{"line":153,"column":2},"end":{"line":155,"column":3}},"88":{"start":{"line":154,"column":3},"end":{"line":154,"column":48}},"89":{"start":{"line":156,"column":2},"end":{"line":156,"column":35}},"90":{"start":{"line":162,"column":0},"end":{"line":198,"column":1}},"91":{"start":{"line":163,"column":1},"end":{"line":163,"column":85}},"92":{"start":{"line":164,"column":1},"end":{"line":164,"column":60}},"93":{"start":{"line":167,"column":1},"end":{"line":167,"column":15}},"94":{"start":{"line":168,"column":1},"end":{"line":173,"column":2}},"95":{"start":{"line":169,"column":2},"end":{"line":169,"column":23}},"96":{"start":{"line":170,"column":7},"end":{"line":173,"column":2}},"97":{"start":{"line":172,"column":2},"end":{"line":172,"column":22}},"98":{"start":{"line":174,"column":1},"end":{"line":176,"column":2}},"99":{"start":{"line":175,"column":2},"end":{"line":175,"column":53}},"100":{"start":{"line":186,"column":1},"end":{"line":186,"column":21}},"101":{"start":{"line":188,"column":1},"end":{"line":188,"column":26}},"102":{"start":{"line":189,"column":1},"end":{"line":196,"column":4}},"103":{"start":{"line":190,"column":2},"end":{"line":190,"column":67}},"104":{"start":{"line":192,"column":2},"end":{"line":194,"column":3}},"105":{"start":{"line":193,"column":3},"end":{"line":193,"column":48}},"106":{"start":{"line":195,"column":2},"end":{"line":195,"column":35}},"107":{"start":{"line":200,"column":0},"end":{"line":206,"column":1}},"108":{"start":{"line":201,"column":1},"end":{"line":205,"column":3}},"109":{"start":{"line":202,"column":2},"end":{"line":202,"column":56}},"110":{"start":{"line":204,"column":2},"end":{"line":204,"column":32}}},"branchMap":{"1":{"line":28,"type":"cond-expr","locations":[{"start":{"line":28,"column":57},"end":{"line":28,"column":88}},{"start":{"line":28,"column":89},"end":{"line":28,"column":90}}]},"2":{"line":29,"type":"cond-expr","locations":[{"start":{"line":29,"column":59},"end":{"line":29,"column":91}},{"start":{"line":29,"column":92},"end":{"line":29,"column":94}}]},"3":{"line":32,"type":"binary-expr","locations":[{"start":{"line":32,"column":16},"end":{"line":32,"column":42}},{"start":{"line":32,"column":46},"end":{"line":32,"column":55}}]},"4":{"line":34,"type":"if","locations":[{"start":{"line":34,"column":1},"end":{"line":34,"column":1}},{"start":{"line":34,"column":1},"end":{"line":34,"column":1}}]},"5":{"line":55,"type":"cond-expr","locations":[{"start":{"line":55,"column":34},"end":{"line":55,"column":81}},{"start":{"line":55,"column":82},"end":{"line":55,"column":84}}]},"6":{"line":56,"type":"cond-expr","locations":[{"start":{"line":56,"column":28},"end":{"line":56,"column":72}},{"start":{"line":56,"column":73},"end":{"line":56,"column":75}}]},"7":{"line":60,"type":"if","locations":[{"start":{"line":60,"column":1},"end":{"line":60,"column":1}},{"start":{"line":60,"column":1},"end":{"line":60,"column":1}}]},"8":{"line":62,"type":"if","locations":[{"start":{"line":62,"column":7},"end":{"line":62,"column":7}},{"start":{"line":62,"column":7},"end":{"line":62,"column":7}}]},"9":{"line":64,"type":"if","locations":[{"start":{"line":64,"column":7},"end":{"line":64,"column":7}},{"start":{"line":64,"column":7},"end":{"line":64,"column":7}}]},"10":{"line":64,"type":"binary-expr","locations":[{"start":{"line":64,"column":10},"end":{"line":64,"column":30}},{"start":{"line":64,"column":34},"end":{"line":64,"column":53}},{"start":{"line":64,"column":57},"end":{"line":64,"column":88}}]},"11":{"line":67,"type":"if","locations":[{"start":{"line":67,"column":7},"end":{"line":67,"column":7}},{"start":{"line":67,"column":7},"end":{"line":67,"column":7}}]},"12":{"line":67,"type":"binary-expr","locations":[{"start":{"line":67,"column":10},"end":{"line":67,"column":26}},{"start":{"line":67,"column":30},"end":{"line":67,"column":47}},{"start":{"line":67,"column":51},"end":{"line":67,"column":76}}]},"13":{"line":70,"type":"if","locations":[{"start":{"line":70,"column":1},"end":{"line":70,"column":1}},{"start":{"line":70,"column":1},"end":{"line":70,"column":1}}]},"14":{"line":79,"type":"binary-expr","locations":[{"start":{"line":79,"column":22},"end":{"line":79,"column":32}},{"start":{"line":79,"column":36},"end":{"line":79,"column":49}}]},"15":{"line":84,"type":"if","locations":[{"start":{"line":84,"column":2},"end":{"line":84,"column":2}},{"start":{"line":84,"column":2},"end":{"line":84,"column":2}}]},"16":{"line":95,"type":"if","locations":[{"start":{"line":95,"column":1},"end":{"line":95,"column":1}},{"start":{"line":95,"column":1},"end":{"line":95,"column":1}}]},"17":{"line":101,"type":"binary-expr","locations":[{"start":{"line":101,"column":21},"end":{"line":101,"column":31}},{"start":{"line":101,"column":35},"end":{"line":101,"column":48}}]},"18":{"line":115,"type":"cond-expr","locations":[{"start":{"line":115,"column":34},"end":{"line":115,"column":81}},{"start":{"line":115,"column":82},"end":{"line":115,"column":84}}]},"19":{"line":116,"type":"cond-expr","locations":[{"start":{"line":116,"column":28},"end":{"line":116,"column":72}},{"start":{"line":116,"column":73},"end":{"line":116,"column":75}}]},"20":{"line":120,"type":"if","locations":[{"start":{"line":120,"column":1},"end":{"line":120,"column":1}},{"start":{"line":120,"column":1},"end":{"line":120,"column":1}}]},"21":{"line":122,"type":"if","locations":[{"start":{"line":122,"column":7},"end":{"line":122,"column":7}},{"start":{"line":122,"column":7},"end":{"line":122,"column":7}}]},"22":{"line":124,"type":"if","locations":[{"start":{"line":124,"column":7},"end":{"line":124,"column":7}},{"start":{"line":124,"column":7},"end":{"line":124,"column":7}}]},"23":{"line":124,"type":"binary-expr","locations":[{"start":{"line":124,"column":10},"end":{"line":124,"column":30}},{"start":{"line":124,"column":34},"end":{"line":124,"column":53}},{"start":{"line":124,"column":57},"end":{"line":124,"column":88}}]},"24":{"line":127,"type":"if","locations":[{"start":{"line":127,"column":7},"end":{"line":127,"column":7}},{"start":{"line":127,"column":7},"end":{"line":127,"column":7}}]},"25":{"line":127,"type":"binary-expr","locations":[{"start":{"line":127,"column":10},"end":{"line":127,"column":26}},{"start":{"line":127,"column":30},"end":{"line":127,"column":47}},{"start":{"line":127,"column":51},"end":{"line":127,"column":76}}]},"26":{"line":130,"type":"if","locations":[{"start":{"line":130,"column":1},"end":{"line":130,"column":1}},{"start":{"line":130,"column":1},"end":{"line":130,"column":1}}]},"27":{"line":137,"type":"if","locations":[{"start":{"line":137,"column":4},"end":{"line":137,"column":4}},{"start":{"line":137,"column":4},"end":{"line":137,"column":4}}]},"28":{"line":140,"type":"if","locations":[{"start":{"line":140,"column":4},"end":{"line":140,"column":4}},{"start":{"line":140,"column":4},"end":{"line":140,"column":4}}]},"29":{"line":146,"type":"binary-expr","locations":[{"start":{"line":146,"column":24},"end":{"line":146,"column":34}},{"start":{"line":146,"column":38},"end":{"line":146,"column":51}}]},"30":{"line":153,"type":"if","locations":[{"start":{"line":153,"column":2},"end":{"line":153,"column":2}},{"start":{"line":153,"column":2},"end":{"line":153,"column":2}}]},"31":{"line":163,"type":"cond-expr","locations":[{"start":{"line":163,"column":34},"end":{"line":163,"column":81}},{"start":{"line":163,"column":82},"end":{"line":163,"column":84}}]},"32":{"line":168,"type":"if","locations":[{"start":{"line":168,"column":1},"end":{"line":168,"column":1}},{"start":{"line":168,"column":1},"end":{"line":168,"column":1}}]},"33":{"line":170,"type":"if","locations":[{"start":{"line":170,"column":7},"end":{"line":170,"column":7}},{"start":{"line":170,"column":7},"end":{"line":170,"column":7}}]},"34":{"line":170,"type":"binary-expr","locations":[{"start":{"line":170,"column":10},"end":{"line":170,"column":30}},{"start":{"line":170,"column":34},"end":{"line":170,"column":53}},{"start":{"line":170,"column":57},"end":{"line":170,"column":88}}]},"35":{"line":174,"type":"if","locations":[{"start":{"line":174,"column":1},"end":{"line":174,"column":1}},{"start":{"line":174,"column":1},"end":{"line":174,"column":1}}]},"36":{"line":192,"type":"if","locations":[{"start":{"line":192,"column":2},"end":{"line":192,"column":2}},{"start":{"line":192,"column":2},"end":{"line":192,"column":2}}]}},"l":{"3":1,"4":1,"5":1,"6":1,"10":1,"11":1,"12":1,"13":1,"14":1,"15":1,"18":1,"19":1,"20":1,"21":1,"23":0,"27":1,"28":2,"29":2,"30":2,"32":2,"33":2,"34":2,"35":1,"39":2,"40":2,"45":2,"48":0,"54":1,"55":6,"56":6,"57":6,"58":6,"59":6,"60":6,"61":1,"62":5,"63":1,"64":4,"66":1,"67":3,"68":1,"70":6,"71":4,"74":2,"75":2,"76":2,"77":1,"82":1,"84":1,"85":1,"87":1,"92":1,"93":3,"95":3,"96":1,"98":2,"99":1,"104":1,"106":1,"112":1,"114":7,"115":7,"116":7,"117":7,"118":7,"119":7,"120":7,"121":1,"122":6,"123":1,"124":5,"126":1,"127":4,"128":1,"130":7,"131":4,"134":3,"135":3,"136":3,"137":3,"138":3,"140":3,"141":1,"143":3,"144":2,"149":2,"153":1,"154":1,"156":1,"162":1,"163":4,"164":4,"167":4,"168":4,"169":1,"170":3,"172":1,"174":4,"175":2,"186":2,"188":2,"189":2,"190":1,"192":1,"193":1,"195":1,"200":1,"201":1,"202":1,"204":0}},
"/Users/hutu/webwork/blog/jackblog-api-es5/server/components/logs/index.js":{"path":"/Users/hutu/webwork/blog/jackblog-api-es5/server/components/logs/index.js","s":{"1":1,"2":1,"3":1,"4":1},"b":{},"f":{},"fnMap":{},"statementMap":{"1":{"start":{"line":3,"column":0},"end":{"line":3,"column":27}},"2":{"start":{"line":4,"column":0},"end":{"line":4,"column":31}},"3":{"start":{"line":7,"column":0},"end":{"line":41,"column":3}},"4":{"start":{"line":43,"column":0},"end":{"line":43,"column":24}}},"branchMap":{},"l":{"3":1,"4":1,"7":1,"43":1}},
"/Users/hutu/webwork/blog/jackblog-api-es5/server/components/tools/index.js":{"path":"/Users/hutu/webwork/blog/jackblog-api-es5/server/components/tools/index.js","s":{"1":1,"2":1,"3":2,"4":2,"5":2,"6":2,"7":2,"8":18,"9":2,"10":1,"11":4,"12":4,"13":4,"14":3,"15":3,"16":3,"17":3,"18":3,"19":4},"b":{"1":[2,1],"2":[3,1],"3":[4,3],"4":[3,0],"5":[3,0]},"f":{"1":2,"2":4,"3":3},"fnMap":{"1":{"name":"(anonymous_1)","line":4,"loc":{"start":{"line":4,"column":23},"end":{"line":4,"column":38}}},"2":{"name":"(anonymous_2)","line":15,"loc":{"start":{"line":15,"column":23},"end":{"line":15,"column":42}}},"3":{"name":"(anonymous_3)","line":20,"loc":{"start":{"line":20,"column":99},"end":{"line":20,"column":125}}}},"statementMap":{"1":{"start":{"line":2,"column":0},"end":{"line":2,"column":26}},"2":{"start":{"line":4,"column":0},"end":{"line":13,"column":2}},"3":{"start":{"line":5,"column":3},"end":{"line":5,"column":19}},"4":{"start":{"line":6,"column":3},"end":{"line":6,"column":67}},"5":{"start":{"line":7,"column":3},"end":{"line":7,"column":30}},"6":{"start":{"line":8,"column":3},"end":{"line":8,"column":16}},"7":{"start":{"line":9,"column":3},"end":{"line":11,"column":4}},"8":{"start":{"line":10,"column":5},"end":{"line":10,"column":62}},"9":{"start":{"line":12,"column":3},"end":{"line":12,"column":14}},"10":{"start":{"line":15,"column":0},"end":{"line":29,"column":1}},"11":{"start":{"line":16,"column":1},"end":{"line":16,"column":18}},"12":{"start":{"line":17,"column":1},"end":{"line":17,"column":98}},"13":{"start":{"line":18,"column":1},"end":{"line":27,"column":2}},"14":{"start":{"line":19,"column":2},"end":{"line":26,"column":3}},"15":{"start":{"line":20,"column":3},"end":{"line":22,"column":6}},"16":{"start":{"line":21,"column":4},"end":{"line":21,"column":20}},"17":{"start":{"line":23,"column":3},"end":{"line":25,"column":4}},"18":{"start":{"line":24,"column":4},"end":{"line":24,"column":28}},"19":{"start":{"line":28,"column":1},"end":{"line":28,"column":16}}},"branchMap":{"1":{"line":5,"type":"binary-expr","locations":[{"start":{"line":5,"column":9},"end":{"line":5,"column":12}},{"start":{"line":5,"column":16},"end":{"line":5,"column":18}}]},"2":{"line":18,"type":"if","locations":[{"start":{"line":18,"column":1},"end":{"line":18,"column":1}},{"start":{"line":18,"column":1},"end":{"line":18,"column":1}}]},"3":{"line":18,"type":"binary-expr","locations":[{"start":{"line":18,"column":4},"end":{"line":18,"column":21}},{"start":{"line":18,"column":25},"end":{"line":18,"column":42}}]},"4":{"line":21,"type":"binary-expr","locations":[{"start":{"line":21,"column":11},"end":{"line":21,"column":13}},{"start":{"line":21,"column":17},"end":{"line":21,"column":19}}]},"5":{"line":23,"type":"if","locations":[{"start":{"line":23,"column":3},"end":{"line":23,"column":3}},{"start":{"line":23,"column":3},"end":{"line":23,"column":3}}]}},"l":{"2":1,"4":1,"5":2,"6":2,"7":2,"8":2,"9":2,"10":18,"12":2,"15":1,"16":4,"17":4,"18":4,"19":3,"20":3,"21":3,"23":3,"24":3,"28":4}},
"/Users/hutu/webwork/blog/jackblog-api-es5/server/api/tags/index.js":{"path":"/Users/hutu/webwork/blog/jackblog-api-es5/server/api/tags/index.js","s":{"1":1,"2":1,"3":1,"4":1,"5":1,"6":1,"7":1,"8":1,"9":1,"10":1,"11":1,"12":1,"13":1,"14":1},"b":{},"f":{},"fnMap":{},"statementMap":{"1":{"start":{"line":3,"column":0},"end":{"line":3,"column":33}},"2":{"start":{"line":4,"column":0},"end":{"line":4,"column":46}},"3":{"start":{"line":5,"column":0},"end":{"line":5,"column":46}},"4":{"start":{"line":7,"column":0},"end":{"line":7,"column":30}},"5":{"start":{"line":9,"column":0},"end":{"line":9,"column":69}},"6":{"start":{"line":10,"column":0},"end":{"line":10,"column":76}},"7":{"start":{"line":11,"column":0},"end":{"line":11,"column":80}},"8":{"start":{"line":12,"column":0},"end":{"line":12,"column":67}},"9":{"start":{"line":13,"column":0},"end":{"line":13,"column":76}},"10":{"start":{"line":14,"column":0},"end":{"line":14,"column":65}},"11":{"start":{"line":15,"column":0},"end":{"line":15,"column":77}},"12":{"start":{"line":16,"column":0},"end":{"line":16,"column":74}},"13":{"start":{"line":18,"column":0},"end":{"line":18,"column":58}},"14":{"start":{"line":19,"column":0},"end":{"line":19,"column":24}}},"branchMap":{},"l":{"3":1,"4":1,"5":1,"7":1,"9":1,"10":1,"11":1,"12":1,"13":1,"14":1,"15":1,"16":1,"18":1,"19":1}},
"/Users/hutu/webwork/blog/jackblog-api-es5/server/api/tags/tags.controller.js":{"path":"/Users/hutu/webwork/blog/jackblog-api-es5/server/api/tags/tags.controller.js","s":{"1":1,"2":1,"3":1,"4":1,"5":1,"6":3,"7":3,"8":1,"9":2,"10":2,"11":1,"12":1,"13":1,"14":0,"15":1,"16":1,"17":1,"18":0,"19":1,"20":1,"21":1,"22":1,"23":1,"24":1,"25":0,"26":1,"27":3,"28":3,"29":2,"30":1,"31":1,"32":1,"33":1,"34":1,"35":2,"36":2,"37":2,"38":1,"39":2,"40":2,"41":0,"42":1,"43":4,"44":4,"45":4,"46":4,"47":1,"48":3,"49":1,"50":4,"51":2,"52":2,"53":2,"54":1,"55":1,"56":1,"57":0,"58":1,"59":2,"60":2,"61":1,"62":1,"63":1,"64":1,"65":1,"66":1,"67":1,"68":1,"69":0,"70":1,"71":1,"72":1,"73":0},"b":{"1":[1,2],"2":[1,1],"3":[1,0],"4":[1,1],"5":[1,1],"6":[1,3],"7":[1,2],"8":[2,2],"9":[1,1],"10":[1,0]},"f":{"1":3,"2":2,"3":1,"4":0,"5":1,"6":1,"7":0,"8":1,"9":1,"10":0,"11":3,"12":2,"13":1,"14":1,"15":2,"16":2,"17":0,"18":4,"19":2,"20":1,"21":0,"22":2,"23":1,"24":1,"25":1,"26":1,"27":0,"28":1,"29":1,"30":0},"fnMap":{"1":{"name":"(anonymous_1)","line":9,"loc":{"start":{"line":9,"column":20},"end":{"line":9,"column":39}}},"2":{"name":"(anonymous_2)","line":14,"loc":{"start":{"line":14,"column":47},"end":{"line":14,"column":62}}},"3":{"name":"(anonymous_3)","line":18,"loc":{"start":{"line":18,"column":49},"end":{"line":18,"column":67}}},"4":{"name":"(anonymous_4)","line":22,"loc":{"start":{"line":22,"column":10},"end":{"line":22,"column":25}}},"5":{"name":"(anonymous_5)","line":28,"loc":{"start":{"line":28,"column":24},"end":{"line":28,"column":43}}},"6":{"name":"(anonymous_6)","line":29,"loc":{"start":{"line":29,"column":30},"end":{"line":29,"column":46}}},"7":{"name":"(anonymous_7)","line":31,"loc":{"start":{"line":31,"column":10},"end":{"line":31,"column":25}}},"8":{"name":"(anonymous_8)","line":37,"loc":{"start":{"line":37,"column":23},"end":{"line":37,"column":42}}},"9":{"name":"(anonymous_9)","line":42,"loc":{"start":{"line":42,"column":65},"end":{"line":42,"column":81}}},"10":{"name":"(anonymous_10)","line":44,"loc":{"start":{"line":44,"column":10},"end":{"line":44,"column":23}}},"11":{"name":"(anonymous_11)","line":50,"loc":{"start":{"line":50,"column":20},"end":{"line":50,"column":39}}},"12":{"name":"(anonymous_12)","line":52,"loc":{"start":{"line":52,"column":33},"end":{"line":52,"column":48}}},"13":{"name":"(anonymous_13)","line":57,"loc":{"start":{"line":57,"column":54},"end":{"line":57,"column":68}}},"14":{"name":"(anonymous_14)","line":61,"loc":{"start":{"line":61,"column":10},"end":{"line":61,"column":25}}},"15":{"name":"(anonymous_15)","line":67,"loc":{"start":{"line":67,"column":21},"end":{"line":67,"column":40}}},"16":{"name":"(anonymous_16)","line":77,"loc":{"start":{"line":77,"column":16},"end":{"line":77,"column":35}}},"17":{"name":"(anonymous_17)","line":79,"loc":{"start":{"line":79,"column":16},"end":{"line":79,"column":31}}},"18":{"name":"(anonymous_18)","line":84,"loc":{"start":{"line":84,"column":17},"end":{"line":84,"column":36}}},"19":{"name":"(anonymous_19)","line":97,"loc":{"start":{"line":97,"column":39},"end":{"line":97,"column":54}}},"20":{"name":"(anonymous_20)","line":101,"loc":{"start":{"line":101,"column":41},"end":{"line":101,"column":59}}},"21":{"name":"(anonymous_21)","line":105,"loc":{"start":{"line":105,"column":10},"end":{"line":105,"column":25}}},"22":{"name":"(anonymous_22)","line":111,"loc":{"start":{"line":111,"column":20},"end":{"line":111,"column":39}}},"23":{"name":"(anonymous_23)","line":113,"loc":{"start":{"line":113,"column":44},"end":{"line":113,"column":55}}},"24":{"name":"(anonymous_24)","line":115,"loc":{"start":{"line":115,"column":10},"end":{"line":115,"column":25}}},"25":{"name":"(anonymous_25)","line":120,"loc":{"start":{"line":120,"column":20},"end":{"line":120,"column":39}}},"26":{"name":"(anonymous_26)","line":125,"loc":{"start":{"line":125,"column":57},"end":{"line":125,"column":73}}},"27":{"name":"(anonymous_27)","line":127,"loc":{"start":{"line":127,"column":10},"end":{"line":127,"column":23}}},"28":{"name":"(anonymous_28)","line":133,"loc":{"start":{"line":133,"column":26},"end":{"line":133,"column":45}}},"29":{"name":"(anonymous_29)","line":134,"loc":{"start":{"line":134,"column":58},"end":{"line":134,"column":76}}},"30":{"name":"(anonymous_30)","line":136,"loc":{"start":{"line":136,"column":10},"end":{"line":136,"column":25}}}},"statementMap":{"1":{"start":{"line":3,"column":0},"end":{"line":3,"column":26}},"2":{"start":{"line":4,"column":0},"end":{"line":4,"column":35}},"3":{"start":{"line":5,"column":0},"end":{"line":5,"column":48}},"4":{"start":{"line":6,"column":0},"end":{"line":6,"column":32}},"5":{"start":{"line":9,"column":0},"end":{"line":25,"column":1}},"6":{"start":{"line":10,"column":1},"end":{"line":10,"column":29}},"7":{"start":{"line":11,"column":1},"end":{"line":13,"column":2}},"8":{"start":{"line":12,"column":2},"end":{"line":12,"column":57}},"9":{"start":{"line":14,"column":1},"end":{"line":24,"column":3}},"10":{"start":{"line":15,"column":2},"end":{"line":21,"column":3}},"11":{"start":{"line":16,"column":3},"end":{"line":16,"column":56}},"12":{"start":{"line":18,"column":3},"end":{"line":20,"column":6}},"13":{"start":{"line":19,"column":4},"end":{"line":19,"column":66}},"14":{"start":{"line":23,"column":2},"end":{"line":23,"column":32}},"15":{"start":{"line":28,"column":0},"end":{"line":34,"column":1}},"16":{"start":{"line":29,"column":1},"end":{"line":33,"column":3}},"17":{"start":{"line":30,"column":2},"end":{"line":30,"column":45}},"18":{"start":{"line":32,"column":2},"end":{"line":32,"column":32}},"19":{"start":{"line":37,"column":0},"end":{"line":47,"column":1}},"20":{"start":{"line":38,"column":1},"end":{"line":38,"column":24}},"21":{"start":{"line":39,"column":1},"end":{"line":41,"column":2}},"22":{"start":{"line":40,"column":3},"end":{"line":40,"column":23}},"23":{"start":{"line":42,"column":1},"end":{"line":46,"column":4}},"24":{"start":{"line":43,"column":2},"end":{"line":43,"column":64}},"25":{"start":{"line":45,"column":2},"end":{"line":45,"column":32}},"26":{"start":{"line":50,"column":0},"end":{"line":64,"column":1}},"27":{"start":{"line":51,"column":1},"end":{"line":51,"column":24}},"28":{"start":{"line":52,"column":1},"end":{"line":63,"column":3}},"29":{"start":{"line":53,"column":2},"end":{"line":60,"column":3}},"30":{"start":{"line":55,"column":3},"end":{"line":55,"column":59}},"31":{"start":{"line":57,"column":3},"end":{"line":59,"column":6}},"32":{"start":{"line":58,"column":4},"end":{"line":58,"column":48}},"33":{"start":{"line":62,"column":2},"end":{"line":62,"column":32}},"34":{"start":{"line":67,"column":0},"end":{"line":82,"column":1}},"35":{"start":{"line":68,"column":1},"end":{"line":68,"column":25}},"36":{"start":{"line":69,"column":2},"end":{"line":69,"column":21}},"37":{"start":{"line":70,"column":2},"end":{"line":72,"column":3}},"38":{"start":{"line":71,"column":3},"end":{"line":71,"column":25}},"39":{"start":{"line":74,"column":2},"end":{"line":81,"column":6}},"40":{"start":{"line":78,"column":4},"end":{"line":78,"column":48}},"41":{"start":{"line":80,"column":4},"end":{"line":80,"column":34}},"42":{"start":{"line":84,"column":0},"end":{"line":108,"column":1}},"43":{"start":{"line":86,"column":1},"end":{"line":86,"column":24}},"44":{"start":{"line":87,"column":1},"end":{"line":87,"column":29}},"45":{"start":{"line":88,"column":1},"end":{"line":88,"column":15}},"46":{"start":{"line":89,"column":1},"end":{"line":93,"column":2}},"47":{"start":{"line":90,"column":2},"end":{"line":90,"column":26}},"48":{"start":{"line":91,"column":7},"end":{"line":93,"column":2}},"49":{"start":{"line":92,"column":2},"end":{"line":92,"column":28}},"50":{"start":{"line":94,"column":1},"end":{"line":96,"column":2}},"51":{"start":{"line":95,"column":2},"end":{"line":95,"column":53}},"52":{"start":{"line":97,"column":1},"end":{"line":107,"column":4}},"53":{"start":{"line":98,"column":2},"end":{"line":104,"column":3}},"54":{"start":{"line":99,"column":3},"end":{"line":99,"column":56}},"55":{"start":{"line":101,"column":3},"end":{"line":103,"column":6}},"56":{"start":{"line":102,"column":5},"end":{"line":102,"column":67}},"57":{"start":{"line":106,"column":2},"end":{"line":106,"column":32}},"58":{"start":{"line":111,"column":0},"end":{"line":118,"column":1}},"59":{"start":{"line":112,"column":1},"end":{"line":112,"column":24}},"60":{"start":{"line":113,"column":1},"end":{"line":117,"column":4}},"61":{"start":{"line":114,"column":2},"end":{"line":114,"column":46}},"62":{"start":{"line":116,"column":2},"end":{"line":116,"column":32}},"63":{"start":{"line":120,"column":0},"end":{"line":131,"column":1}},"64":{"start":{"line":121,"column":1},"end":{"line":121,"column":24}},"65":{"start":{"line":122,"column":1},"end":{"line":124,"column":2}},"66":{"start":{"line":123,"column":3},"end":{"line":123,"column":23}},"67":{"start":{"line":125,"column":1},"end":{"line":129,"column":4}},"68":{"start":{"line":126,"column":2},"end":{"line":126,"column":64}},"69":{"start":{"line":128,"column":2},"end":{"line":128,"column":32}},"70":{"start":{"line":133,"column":0},"end":{"line":139,"column":1}},"71":{"start":{"line":134,"column":1},"end":{"line":138,"column":4}},"72":{"start":{"line":135,"column":2},"end":{"line":135,"column":45}},"73":{"start":{"line":137,"column":2},"end":{"line":137,"column":32}}},"branchMap":{"1":{"line":11,"type":"if","locations":[{"start":{"line":11,"column":1},"end":{"line":11,"column":1}},{"start":{"line":11,"column":1},"end":{"line":11,"column":1}}]},"2":{"line":15,"type":"if","locations":[{"start":{"line":15,"column":2},"end":{"line":15,"column":2}},{"start":{"line":15,"column":2},"end":{"line":15,"column":2}}]},"3":{"line":39,"type":"if","locations":[{"start":{"line":39,"column":1},"end":{"line":39,"column":1}},{"start":{"line":39,"column":1},"end":{"line":39,"column":1}}]},"4":{"line":53,"type":"if","locations":[{"start":{"line":53,"column":2},"end":{"line":53,"column":2}},{"start":{"line":53,"column":2},"end":{"line":53,"column":2}}]},"5":{"line":70,"type":"if","locations":[{"start":{"line":70,"column":2},"end":{"line":70,"column":2}},{"start":{"line":70,"column":2},"end":{"line":70,"column":2}}]},"6":{"line":89,"type":"if","locations":[{"start":{"line":89,"column":1},"end":{"line":89,"column":1}},{"start":{"line":89,"column":1},"end":{"line":89,"column":1}}]},"7":{"line":91,"type":"if","locations":[{"start":{"line":91,"column":7},"end":{"line":91,"column":7}},{"start":{"line":91,"column":7},"end":{"line":91,"column":7}}]},"8":{"line":94,"type":"if","locations":[{"start":{"line":94,"column":1},"end":{"line":94,"column":1}},{"start":{"line":94,"column":1},"end":{"line":94,"column":1}}]},"9":{"line":98,"type":"if","locations":[{"start":{"line":98,"column":2},"end":{"line":98,"column":2}},{"start":{"line":98,"column":2},"end":{"line":98,"column":2}}]},"10":{"line":122,"type":"if","locations":[{"start":{"line":122,"column":1},"end":{"line":122,"column":1}},{"start":{"line":122,"column":1},"end":{"line":122,"column":1}}]}},"l":{"3":1,"4":1,"5":1,"6":1,"9":1,"10":3,"11":3,"12":1,"14":2,"15":2,"16":1,"18":1,"19":1,"23":0,"28":1,"29":1,"30":1,"32":0,"37":1,"38":1,"39":1,"40":1,"42":1,"43":1,"45":0,"50":1,"51":3,"52":3,"53":2,"55":1,"57":1,"58":1,"62":1,"67":1,"68":2,"69":2,"70":2,"71":1,"74":2,"78":2,"80":0,"84":1,"86":4,"87":4,"88":4,"89":4,"90":1,"91":3,"92":1,"94":4,"95":2,"97":2,"98":2,"99":1,"101":1,"102":1,"106":0,"111":1,"112":2,"113":2,"114":1,"116":1,"120":1,"121":1,"122":1,"123":1,"125":1,"126":1,"128":0,"133":1,"134":1,"135":1,"137":0}},
"/Users/hutu/webwork/blog/jackblog-api-es5/server/api/blog/index.js":{"path":"/Users/hutu/webwork/blog/jackblog-api-es5/server/api/blog/index.js","s":{"1":1,"2":1,"3":1,"4":1,"5":1,"6":1,"7":1,"8":1,"9":1,"10":1,"11":1,"12":1,"13":1,"14":1,"15":1,"16":1,"17":1,"18":1,"19":1,"20":1},"b":{},"f":{},"fnMap":{},"statementMap":{"1":{"start":{"line":3,"column":0},"end":{"line":3,"column":33}},"2":{"start":{"line":4,"column":0},"end":{"line":4,"column":46}},"3":{"start":{"line":5,"column":0},"end":{"line":5,"column":46}},"4":{"start":{"line":6,"column":0},"end":{"line":6,"column":32}},"5":{"start":{"line":7,"column":0},"end":{"line":7,"column":42}},"6":{"start":{"line":9,"column":0},"end":{"line":9,"column":30}},"7":{"start":{"line":11,"column":0},"end":{"line":11,"column":65}},"8":{"start":{"line":12,"column":0},"end":{"line":12,"column":72}},"9":{"start":{"line":13,"column":0},"end":{"line":13,"column":76}},"10":{"start":{"line":14,"column":0},"end":{"line":14,"column":65}},"11":{"start":{"line":15,"column":0},"end":{"line":15,"column":70}},"12":{"start":{"line":26,"column":0},"end":{"line":26,"column":98}},"13":{"start":{"line":27,"column":0},"end":{"line":27,"column":73}},"14":{"start":{"line":30,"column":0},"end":{"line":30,"column":60}},"15":{"start":{"line":31,"column":0},"end":{"line":31,"column":62}},"16":{"start":{"line":32,"column":0},"end":{"line":32,"column":62}},"17":{"start":{"line":34,"column":0},"end":{"line":34,"column":54}},"18":{"start":{"line":36,"column":0},"end":{"line":36,"column":75}},"19":{"start":{"line":38,"column":0},"end":{"line":38,"column":52}},"20":{"start":{"line":39,"column":0},"end":{"line":39,"column":24}}},"branchMap":{},"l":{"3":1,"4":1,"5":1,"6":1,"7":1,"9":1,"11":1,"12":1,"13":1,"14":1,"15":1,"26":1,"27":1,"30":1,"31":1,"32":1,"34":1,"36":1,"38":1,"39":1}},
"/Users/hutu/webwork/blog/jackblog-api-es5/server/api/blog/blog.controller.js":{"path":"/Users/hutu/webwork/blog/jackblog-api-es5/server/api/blog/blog.controller.js","s":{"1":1,"2":1,"3":1,"4":1,"5":1,"6":1,"7":1,"8":1,"9":1,"10":1,"11":1,"12":1,"13":1,"14":3,"15":3,"16":3,"17":3,"18":1,"19":2,"20":1,"21":3,"22":2,"23":1,"24":1,"25":1,"26":0,"27":1,"28":2,"29":2,"30":2,"31":2,"32":2,"33":2,"34":1,"35":2,"36":2,"37":2,"38":0,"39":1,"40":2,"41":2,"42":1,"43":1,"44":1,"45":1,"46":3,"47":3,"48":1,"49":3,"50":3,"51":3,"52":3,"53":1,"54":2,"55":1,"56":3,"57":2,"58":1,"59":1,"60":1,"61":1,"62":1,"63":1,"64":0,"65":1,"66":1,"67":1,"68":1,"69":0,"70":1,"71":2,"72":2,"73":2,"74":1,"75":1,"76":1,"77":1,"78":0,"79":1,"80":2,"81":1,"82":1,"83":1,"84":1,"85":1,"86":1,"87":0,"88":1,"89":1,"90":1,"91":0,"92":1,"93":2,"94":2,"95":1,"96":1,"97":2,"98":2,"99":0,"100":1,"101":2,"102":2,"103":2,"104":2,"105":2,"106":2,"107":2,"108":1,"109":1,"110":2,"111":2,"112":0,"113":1,"114":1,"115":1,"116":1,"117":1,"118":1,"119":1,"120":1,"121":0,"122":1,"123":2,"124":2,"125":2,"126":2,"127":2,"128":2,"129":1,"130":1,"131":1,"132":2,"133":2,"134":1,"135":1,"136":1,"137":1,"138":2,"139":2,"140":2,"141":2,"142":2,"143":2,"144":2,"145":2,"146":0,"147":1,"148":1,"149":1,"150":1,"151":1,"152":1,"153":1,"154":0,"155":1,"156":0,"157":0,"158":0,"159":1,"160":2,"161":2,"162":2,"163":1,"164":2,"165":2,"166":1,"167":1,"168":1,"169":1,"170":1,"171":1,"172":2,"173":2,"174":2,"175":0},"b":{"1":[1,2],"2":[1,1],"3":[2,1],"4":[0,2],"5":[1,1],"6":[2,0],"7":[1,1],"8":[1,2],"9":[1,2],"10":[1,1],"11":[2,1],"12":[1,0],"13":[1,1],"14":[1,1],"15":[1,0],"16":[1,1],"17":[0,2],"18":[1,1],"19":[2,0],"20":[1,1],"21":[2,0],"22":[1,1],"23":[1,1],"24":[2,0],"25":[2,1],"26":[1,0],"27":[1,0],"28":[1,1]},"f":{"1":3,"2":1,"3":0,"4":2,"5":2,"6":2,"7":0,"8":2,"9":1,"10":1,"11":1,"12":3,"13":1,"14":0,"15":1,"16":1,"17":0,"18":2,"19":1,"20":0,"21":2,"22":1,"23":0,"24":2,"25":2,"26":0,"27":2,"28":2,"29":0,"30":1,"31":1,"32":0,"33":2,"34":2,"35":2,"36":2,"37":2,"38":0,"39":1,"40":1,"41":1,"42":1,"43":0,"44":2,"45":1,"46":2,"47":2,"48":0},"fnMap":{"1":{"name":"(anonymous_1)","line":17,"loc":{"start":{"line":17,"column":18},"end":{"line":17,"column":37}}},"2":{"name":"(anonymous_2)","line":31,"loc":{"start":{"line":31,"column":40},"end":{"line":31,"column":58}}},"3":{"name":"(anonymous_3)","line":33,"loc":{"start":{"line":33,"column":10},"end":{"line":33,"column":25}}},"4":{"name":"(anonymous_4)","line":38,"loc":{"start":{"line":38,"column":22},"end":{"line":38,"column":41}}},"5":{"name":"(anonymous_5)","line":53,"loc":{"start":{"line":53,"column":15},"end":{"line":53,"column":35}}},"6":{"name":"(anonymous_6)","line":54,"loc":{"start":{"line":54,"column":33},"end":{"line":54,"column":50}}},"7":{"name":"(anonymous_7)","line":57,"loc":{"start":{"line":57,"column":15},"end":{"line":57,"column":30}}},"8":{"name":"(anonymous_8)","line":63,"loc":{"start":{"line":63,"column":18},"end":{"line":63,"column":37}}},"9":{"name":"(anonymous_9)","line":65,"loc":{"start":{"line":65,"column":45},"end":{"line":65,"column":56}}},"10":{"name":"(anonymous_10)","line":66,"loc":{"start":{"line":66,"column":44},"end":{"line":66,"column":56}}},"11":{"name":"(anonymous_11)","line":69,"loc":{"start":{"line":69,"column":10},"end":{"line":69,"column":25}}},"12":{"name":"(anonymous_12)","line":74,"loc":{"start":{"line":74,"column":21},"end":{"line":74,"column":40}}},"13":{"name":"(anonymous_13)","line":97,"loc":{"start":{"line":97,"column":58},"end":{"line":97,"column":75}}},"14":{"name":"(anonymous_14)","line":99,"loc":{"start":{"line":99,"column":10},"end":{"line":99,"column":23}}},"15":{"name":"(anonymous_15)","line":104,"loc":{"start":{"line":104,"column":18},"end":{"line":104,"column":37}}},"16":{"name":"(anonymous_16)","line":108,"loc":{"start":{"line":108,"column":15},"end":{"line":108,"column":31}}},"17":{"name":"(anonymous_17)","line":110,"loc":{"start":{"line":110,"column":15},"end":{"line":110,"column":30}}},"18":{"name":"(anonymous_18)","line":115,"loc":{"start":{"line":115,"column":22},"end":{"line":115,"column":41}}},"19":{"name":"(anonymous_19)","line":122,"loc":{"start":{"line":122,"column":63},"end":{"line":122,"column":81}}},"20":{"name":"(anonymous_20)","line":124,"loc":{"start":{"line":124,"column":10},"end":{"line":124,"column":25}}},"21":{"name":"(anonymous_21)","line":136,"loc":{"start":{"line":136,"column":21},"end":{"line":136,"column":40}}},"22":{"name":"(anonymous_22)","line":149,"loc":{"start":{"line":149,"column":65},"end":{"line":149,"column":83}}},"23":{"name":"(anonymous_23)","line":151,"loc":{"start":{"line":151,"column":10},"end":{"line":151,"column":25}}},"24":{"name":"(anonymous_24)","line":156,"loc":{"start":{"line":156,"column":28},"end":{"line":156,"column":47}}},"25":{"name":"(anonymous_25)","line":163,"loc":{"start":{"line":163,"column":33},"end":{"line":163,"column":50}}},"26":{"name":"(anonymous_26)","line":165,"loc":{"start":{"line":165,"column":10},"end":{"line":165,"column":25}}},"27":{"name":"(anonymous_27)","line":170,"loc":{"start":{"line":170,"column":27},"end":{"line":170,"column":46}}},"28":{"name":"(anonymous_28)","line":187,"loc":{"start":{"line":187,"column":15},"end":{"line":187,"column":31}}},"29":{"name":"(anonymous_29)","line":189,"loc":{"start":{"line":189,"column":15},"end":{"line":189,"column":30}}},"30":{"name":"(anonymous_30)","line":195,"loc":{"start":{"line":195,"column":26},"end":{"line":195,"column":45}}},"31":{"name":"(anonymous_31)","line":201,"loc":{"start":{"line":201,"column":46},"end":{"line":201,"column":63}}},"32":{"name":"(anonymous_32)","line":207,"loc":{"start":{"line":207,"column":10},"end":{"line":207,"column":25}}},"33":{"name":"(anonymous_33)","line":213,"loc":{"start":{"line":213,"column":21},"end":{"line":213,"column":40}}},"34":{"name":"(anonymous_34)","line":226,"loc":{"start":{"line":226,"column":29},"end":{"line":226,"column":48}}},"35":{"name":"(anonymous_35)","line":246,"loc":{"start":{"line":246,"column":18},"end":{"line":246,"column":39}}},"36":{"name":"(anonymous_36)","line":248,"loc":{"start":{"line":248,"column":27},"end":{"line":248,"column":49}}},"37":{"name":"(anonymous_37)","line":252,"loc":{"start":{"line":252,"column":10},"end":{"line":252,"column":28}}},"38":{"name":"(anonymous_38)","line":255,"loc":{"start":{"line":255,"column":10},"end":{"line":255,"column":25}}},"39":{"name":"(anonymous_39)","line":262,"loc":{"start":{"line":262,"column":24},"end":{"line":262,"column":43}}},"40":{"name":"(anonymous_40)","line":266,"loc":{"start":{"line":266,"column":44},"end":{"line":266,"column":60}}},"41":{"name":"(anonymous_41)","line":267,"loc":{"start":{"line":267,"column":35},"end":{"line":267,"column":51}}},"42":{"name":"(anonymous_42)","line":270,"loc":{"start":{"line":270,"column":10},"end":{"line":270,"column":28}}},"43":{"name":"(anonymous_43)","line":272,"loc":{"start":{"line":272,"column":11},"end":{"line":272,"column":26}}},"44":{"name":"(anonymous_44)","line":283,"loc":{"start":{"line":283,"column":21},"end":{"line":283,"column":40}}},"45":{"name":"(anonymous_45)","line":288,"loc":{"start":{"line":288,"column":46},"end":{"line":288,"column":61}}},"46":{"name":"(anonymous_46)","line":302,"loc":{"start":{"line":302,"column":56},"end":{"line":302,"column":72}}},"47":{"name":"(anonymous_47)","line":303,"loc":{"start":{"line":303,"column":72},"end":{"line":303,"column":88}}},"48":{"name":"(anonymous_48)","line":306,"loc":{"start":{"line":306,"column":11},"end":{"line":306,"column":26}}}},"statementMap":{"1":{"start":{"line":3,"column":0},"end":{"line":3,"column":26}},"2":{"start":{"line":4,"column":0},"end":{"line":4,"column":35}},"3":{"start":{"line":5,"column":0},"end":{"line":5,"column":37}},"4":{"start":{"line":6,"column":0},"end":{"line":6,"column":34}},"5":{"start":{"line":7,"column":0},"end":{"line":7,"column":40}},"6":{"start":{"line":8,"column":0},"end":{"line":8,"column":52}},"7":{"start":{"line":9,"column":0},"end":{"line":9,"column":27}},"8":{"start":{"line":10,"column":0},"end":{"line":10,"column":25}},"9":{"start":{"line":11,"column":0},"end":{"line":11,"column":40}},"10":{"start":{"line":12,"column":0},"end":{"line":12,"column":41}},"11":{"start":{"line":13,"column":0},"end":{"line":13,"column":34}},"12":{"start":{"line":14,"column":0},"end":{"line":14,"column":46}},"13":{"start":{"line":17,"column":0},"end":{"line":36,"column":1}},"14":{"start":{"line":18,"column":1},"end":{"line":18,"column":32}},"15":{"start":{"line":19,"column":1},"end":{"line":19,"column":28}},"16":{"start":{"line":20,"column":1},"end":{"line":20,"column":15}},"17":{"start":{"line":21,"column":1},"end":{"line":25,"column":2}},"18":{"start":{"line":22,"column":2},"end":{"line":22,"column":24}},"19":{"start":{"line":23,"column":7},"end":{"line":25,"column":2}},"20":{"start":{"line":24,"column":2},"end":{"line":24,"column":24}},"21":{"start":{"line":26,"column":1},"end":{"line":28,"column":2}},"22":{"start":{"line":27,"column":2},"end":{"line":27,"column":53}},"23":{"start":{"line":30,"column":1},"end":{"line":30,"column":47}},"24":{"start":{"line":31,"column":1},"end":{"line":35,"column":4}},"25":{"start":{"line":32,"column":2},"end":{"line":32,"column":69}},"26":{"start":{"line":34,"column":3},"end":{"line":34,"column":33}},"27":{"start":{"line":38,"column":0},"end":{"line":60,"column":1}},"28":{"start":{"line":39,"column":1},"end":{"line":39,"column":91}},"29":{"start":{"line":40,"column":1},"end":{"line":40,"column":95}},"30":{"start":{"line":41,"column":1},"end":{"line":41,"column":49}},"31":{"start":{"line":43,"column":1},"end":{"line":43,"column":61}},"32":{"start":{"line":44,"column":1},"end":{"line":44,"column":37}},"33":{"start":{"line":45,"column":1},"end":{"line":47,"column":2}},"34":{"start":{"line":46,"column":2},"end":{"line":46,"column":28}},"35":{"start":{"line":49,"column":1},"end":{"line":59,"column":5}},"36":{"start":{"line":54,"column":3},"end":{"line":56,"column":6}},"37":{"start":{"line":55,"column":4},"end":{"line":55,"column":65}},"38":{"start":{"line":58,"column":3},"end":{"line":58,"column":33}},"39":{"start":{"line":63,"column":0},"end":{"line":72,"column":1}},"40":{"start":{"line":64,"column":1},"end":{"line":64,"column":24}},"41":{"start":{"line":65,"column":1},"end":{"line":71,"column":4}},"42":{"start":{"line":66,"column":2},"end":{"line":68,"column":5}},"43":{"start":{"line":67,"column":3},"end":{"line":67,"column":48}},"44":{"start":{"line":70,"column":2},"end":{"line":70,"column":32}},"45":{"start":{"line":74,"column":0},"end":{"line":102,"column":1}},"46":{"start":{"line":75,"column":1},"end":{"line":75,"column":24}},"47":{"start":{"line":76,"column":1},"end":{"line":78,"column":2}},"48":{"start":{"line":77,"column":3},"end":{"line":77,"column":23}},"49":{"start":{"line":79,"column":1},"end":{"line":79,"column":32}},"50":{"start":{"line":80,"column":1},"end":{"line":80,"column":28}},"51":{"start":{"line":81,"column":1},"end":{"line":81,"column":15}},"52":{"start":{"line":82,"column":1},"end":{"line":86,"column":2}},"53":{"start":{"line":83,"column":2},"end":{"line":83,"column":24}},"54":{"start":{"line":84,"column":7},"end":{"line":86,"column":2}},"55":{"start":{"line":85,"column":2},"end":{"line":85,"column":24}},"56":{"start":{"line":87,"column":1},"end":{"line":89,"column":2}},"57":{"start":{"line":88,"column":2},"end":{"line":88,"column":53}},"58":{"start":{"line":91,"column":1},"end":{"line":91,"column":47}},"59":{"start":{"line":92,"column":1},"end":{"line":92,"column":31}},"60":{"start":{"line":93,"column":1},"end":{"line":95,"column":2}},"61":{"start":{"line":94,"column":2},"end":{"line":94,"column":37}},"62":{"start":{"line":97,"column":1},"end":{"line":101,"column":4}},"63":{"start":{"line":98,"column":2},"end":{"line":98,"column":69}},"64":{"start":{"line":100,"column":2},"end":{"line":100,"column":32}},"65":{"start":{"line":104,"column":0},"end":{"line":113,"column":1}},"66":{"start":{"line":105,"column":1},"end":{"line":105,"column":24}},"67":{"start":{"line":106,"column":1},"end":{"line":112,"column":5}},"68":{"start":{"line":109,"column":3},"end":{"line":109,"column":44}},"69":{"start":{"line":111,"column":3},"end":{"line":111,"column":33}},"70":{"start":{"line":115,"column":0},"end":{"line":127,"column":1}},"71":{"start":{"line":116,"column":1},"end":{"line":116,"column":23}},"72":{"start":{"line":117,"column":1},"end":{"line":117,"column":21}},"73":{"start":{"line":118,"column":1},"end":{"line":120,"column":2}},"74":{"start":{"line":119,"column":2},"end":{"line":119,"column":53}},"75":{"start":{"line":121,"column":1},"end":{"line":121,"column":58}},"76":{"start":{"line":122,"column":1},"end":{"line":126,"column":4}},"77":{"start":{"line":123,"column":2},"end":{"line":123,"column":65}},"78":{"start":{"line":125,"column":2},"end":{"line":125,"column":32}},"79":{"start":{"line":136,"column":0},"end":{"line":154,"column":1}},"80":{"start":{"line":137,"column":1},"end":{"line":139,"column":2}},"81":{"start":{"line":138,"column":2},"end":{"line":138,"column":56}},"82":{"start":{"line":140,"column":1},"end":{"line":140,"column":39}},"83":{"start":{"line":141,"column":1},"end":{"line":141,"column":14}},"84":{"start":{"line":142,"column":1},"end":{"line":147,"column":2}},"85":{"start":{"line":143,"column":2},"end":{"line":143,"column":42}},"86":{"start":{"line":144,"column":2},"end":{"line":144,"column":37}},"87":{"start":{"line":146,"column":2},"end":{"line":146,"column":30}},"88":{"start":{"line":148,"column":1},"end":{"line":148,"column":45}},"89":{"start":{"line":149,"column":1},"end":{"line":153,"column":4}},"90":{"start":{"line":150,"column":2},"end":{"line":150,"column":65}},"91":{"start":{"line":152,"column":2},"end":{"line":152,"column":32}},"92":{"start":{"line":156,"column":0},"end":{"line":168,"column":1}},"93":{"start":{"line":157,"column":1},"end":{"line":157,"column":34}},"94":{"start":{"line":158,"column":1},"end":{"line":162,"column":2}},"95":{"start":{"line":160,"column":2},"end":{"line":160,"column":38}},"96":{"start":{"line":161,"column":2},"end":{"line":161,"column":76}},"97":{"start":{"line":163,"column":1},"end":{"line":167,"column":3}},"98":{"start":{"line":164,"column":2},"end":{"line":164,"column":58}},"99":{"start":{"line":166,"column":2},"end":{"line":166,"column":32}},"100":{"start":{"line":170,"column":0},"end":{"line":192,"column":1}},"101":{"start":{"line":171,"column":1},"end":{"line":171,"column":91}},"102":{"start":{"line":172,"column":1},"end":{"line":172,"column":95}},"103":{"start":{"line":173,"column":1},"end":{"line":173,"column":49}},"104":{"start":{"line":174,"column":1},"end":{"line":174,"column":57}},"105":{"start":{"line":175,"column":1},"end":{"line":175,"column":19}},"106":{"start":{"line":176,"column":1},"end":{"line":176,"column":34}},"107":{"start":{"line":177,"column":1},"end":{"line":181,"column":2}},"108":{"start":{"line":179,"column":2},"end":{"line":179,"column":38}},"109":{"start":{"line":180,"column":2},"end":{"line":180,"column":76}},"110":{"start":{"line":182,"column":1},"end":{"line":191,"column":5}},"111":{"start":{"line":188,"column":3},"end":{"line":188,"column":44}},"112":{"start":{"line":190,"column":3},"end":{"line":190,"column":33}},"113":{"start":{"line":195,"column":0},"end":{"line":211,"column":1}},"114":{"start":{"line":196,"column":1},"end":{"line":196,"column":24}},"115":{"start":{"line":197,"column":1},"end":{"line":199,"column":4}},"116":{"start":{"line":201,"column":1},"end":{"line":209,"column":4}},"117":{"start":{"line":203,"column":2},"end":{"line":203,"column":45}},"118":{"start":{"line":204,"column":2},"end":{"line":204,"column":23}},"119":{"start":{"line":205,"column":2},"end":{"line":205,"column":57}},"120":{"start":{"line":206,"column":2},"end":{"line":206,"column":50}},"121":{"start":{"line":208,"column":2},"end":{"line":208,"column":32}},"122":{"start":{"line":213,"column":0},"end":{"line":260,"column":1}},"123":{"start":{"line":214,"column":1},"end":{"line":214,"column":24}},"124":{"start":{"line":215,"column":1},"end":{"line":215,"column":57}},"125":{"start":{"line":217,"column":1},"end":{"line":217,"column":32}},"126":{"start":{"line":218,"column":1},"end":{"line":218,"column":33}},"127":{"start":{"line":219,"column":1},"end":{"line":219,"column":34}},"128":{"start":{"line":220,"column":1},"end":{"line":225,"column":2}},"129":{"start":{"line":222,"column":2},"end":{"line":222,"column":38}},"130":{"start":{"line":223,"column":2},"end":{"line":223,"column":83}},"131":{"start":{"line":224,"column":2},"end":{"line":224,"column":85}},"132":{"start":{"line":226,"column":1},"end":{"line":257,"column":3}},"133":{"start":{"line":228,"column":2},"end":{"line":234,"column":3}},"134":{"start":{"line":229,"column":3},"end":{"line":229,"column":103}},"135":{"start":{"line":230,"column":3},"end":{"line":230,"column":105}},"136":{"start":{"line":232,"column":3},"end":{"line":232,"column":105}},"137":{"start":{"line":233,"column":3},"end":{"line":233,"column":107}},"138":{"start":{"line":235,"column":2},"end":{"line":239,"column":11}},"139":{"start":{"line":241,"column":2},"end":{"line":245,"column":12}},"140":{"start":{"line":246,"column":2},"end":{"line":254,"column":4}},"141":{"start":{"line":247,"column":3},"end":{"line":247,"column":33}},"142":{"start":{"line":248,"column":3},"end":{"line":251,"column":5}},"143":{"start":{"line":249,"column":4},"end":{"line":249,"column":35}},"144":{"start":{"line":250,"column":4},"end":{"line":250,"column":37}},"145":{"start":{"line":253,"column":3},"end":{"line":253,"column":46}},"146":{"start":{"line":256,"column":2},"end":{"line":256,"column":32}},"147":{"start":{"line":262,"column":0},"end":{"line":281,"column":1}},"148":{"start":{"line":264,"column":1},"end":{"line":280,"column":2}},"149":{"start":{"line":265,"column":2},"end":{"line":265,"column":68}},"150":{"start":{"line":266,"column":2},"end":{"line":274,"column":5}},"151":{"start":{"line":267,"column":3},"end":{"line":269,"column":5}},"152":{"start":{"line":268,"column":4},"end":{"line":268,"column":78}},"153":{"start":{"line":271,"column":3},"end":{"line":271,"column":31}},"154":{"start":{"line":273,"column":3},"end":{"line":273,"column":27}},"155":{"start":{"line":275,"column":2},"end":{"line":275,"column":9}},"156":{"start":{"line":277,"column":2},"end":{"line":277,"column":34}},"157":{"start":{"line":278,"column":2},"end":{"line":278,"column":42}},"158":{"start":{"line":279,"column":2},"end":{"line":279,"column":64}},"159":{"start":{"line":283,"column":0},"end":{"line":309,"column":1}},"160":{"start":{"line":284,"column":1},"end":{"line":284,"column":54}},"161":{"start":{"line":285,"column":2},"end":{"line":285,"column":28}},"162":{"start":{"line":288,"column":2},"end":{"line":290,"column":5}},"163":{"start":{"line":289,"column":4},"end":{"line":289,"column":44}},"164":{"start":{"line":291,"column":2},"end":{"line":291,"column":38}},"165":{"start":{"line":292,"column":2},"end":{"line":300,"column":3}},"166":{"start":{"line":293,"column":3},"end":{"line":293,"column":45}},"167":{"start":{"line":294,"column":3},"end":{"line":294,"column":45}},"168":{"start":{"line":295,"column":3},"end":{"line":295,"column":17}},"169":{"start":{"line":297,"column":3},"end":{"line":297,"column":49}},"170":{"start":{"line":298,"column":3},"end":{"line":298,"column":44}},"171":{"start":{"line":299,"column":3},"end":{"line":299,"column":16}},"172":{"start":{"line":302,"column":2},"end":{"line":308,"column":5}},"173":{"start":{"line":303,"column":3},"end":{"line":305,"column":6}},"174":{"start":{"line":304,"column":4},"end":{"line":304,"column":87}},"175":{"start":{"line":307,"column":3},"end":{"line":307,"column":33}}},"branchMap":{"1":{"line":21,"type":"if","locations":[{"start":{"line":21,"column":1},"end":{"line":21,"column":1}},{"start":{"line":21,"column":1},"end":{"line":21,"column":1}}]},"2":{"line":23,"type":"if","locations":[{"start":{"line":23,"column":7},"end":{"line":23,"column":7}},{"start":{"line":23,"column":7},"end":{"line":23,"column":7}}]},"3":{"line":26,"type":"if","locations":[{"start":{"line":26,"column":1},"end":{"line":26,"column":1}},{"start":{"line":26,"column":1},"end":{"line":26,"column":1}}]},"4":{"line":39,"type":"cond-expr","locations":[{"start":{"line":39,"column":57},"end":{"line":39,"column":88}},{"start":{"line":39,"column":89},"end":{"line":39,"column":90}}]},"5":{"line":40,"type":"cond-expr","locations":[{"start":{"line":40,"column":59},"end":{"line":40,"column":91}},{"start":{"line":40,"column":92},"end":{"line":40,"column":94}}]},"6":{"line":43,"type":"binary-expr","locations":[{"start":{"line":43,"column":16},"end":{"line":43,"column":42}},{"start":{"line":43,"column":46},"end":{"line":43,"column":60}}]},"7":{"line":45,"type":"if","locations":[{"start":{"line":45,"column":1},"end":{"line":45,"column":1}},{"start":{"line":45,"column":1},"end":{"line":45,"column":1}}]},"8":{"line":76,"type":"if","locations":[{"start":{"line":76,"column":1},"end":{"line":76,"column":1}},{"start":{"line":76,"column":1},"end":{"line":76,"column":1}}]},"9":{"line":82,"type":"if","locations":[{"start":{"line":82,"column":1},"end":{"line":82,"column":1}},{"start":{"line":82,"column":1},"end":{"line":82,"column":1}}]},"10":{"line":84,"type":"if","locations":[{"start":{"line":84,"column":7},"end":{"line":84,"column":7}},{"start":{"line":84,"column":7},"end":{"line":84,"column":7}}]},"11":{"line":87,"type":"if","locations":[{"start":{"line":87,"column":1},"end":{"line":87,"column":1}},{"start":{"line":87,"column":1},"end":{"line":87,"column":1}}]},"12":{"line":93,"type":"if","locations":[{"start":{"line":93,"column":1},"end":{"line":93,"column":1}},{"start":{"line":93,"column":1},"end":{"line":93,"column":1}}]},"13":{"line":118,"type":"if","locations":[{"start":{"line":118,"column":1},"end":{"line":118,"column":1}},{"start":{"line":118,"column":1},"end":{"line":118,"column":1}}]},"14":{"line":137,"type":"if","locations":[{"start":{"line":137,"column":1},"end":{"line":137,"column":1}},{"start":{"line":137,"column":1},"end":{"line":137,"column":1}}]},"15":{"line":142,"type":"if","locations":[{"start":{"line":142,"column":1},"end":{"line":142,"column":1}},{"start":{"line":142,"column":1},"end":{"line":142,"column":1}}]},"16":{"line":158,"type":"if","locations":[{"start":{"line":158,"column":1},"end":{"line":158,"column":1}},{"start":{"line":158,"column":1},"end":{"line":158,"column":1}}]},"17":{"line":171,"type":"cond-expr","locations":[{"start":{"line":171,"column":57},"end":{"line":171,"column":88}},{"start":{"line":171,"column":89},"end":{"line":171,"column":90}}]},"18":{"line":172,"type":"cond-expr","locations":[{"start":{"line":172,"column":59},"end":{"line":172,"column":91}},{"start":{"line":172,"column":92},"end":{"line":172,"column":94}}]},"19":{"line":174,"type":"binary-expr","locations":[{"start":{"line":174,"column":12},"end":{"line":174,"column":38}},{"start":{"line":174,"column":42},"end":{"line":174,"column":56}}]},"20":{"line":177,"type":"if","locations":[{"start":{"line":177,"column":1},"end":{"line":177,"column":1}},{"start":{"line":177,"column":1},"end":{"line":177,"column":1}}]},"21":{"line":215,"type":"binary-expr","locations":[{"start":{"line":215,"column":12},"end":{"line":215,"column":38}},{"start":{"line":215,"column":42},"end":{"line":215,"column":56}}]},"22":{"line":220,"type":"if","locations":[{"start":{"line":220,"column":1},"end":{"line":220,"column":1}},{"start":{"line":220,"column":1},"end":{"line":220,"column":1}}]},"23":{"line":228,"type":"if","locations":[{"start":{"line":228,"column":2},"end":{"line":228,"column":2}},{"start":{"line":228,"column":2},"end":{"line":228,"column":2}}]},"24":{"line":247,"type":"binary-expr","locations":[{"start":{"line":247,"column":14},"end":{"line":247,"column":26}},{"start":{"line":247,"column":30},"end":{"line":247,"column":32}}]},"25":{"line":249,"type":"binary-expr","locations":[{"start":{"line":249,"column":15},"end":{"line":249,"column":28}},{"start":{"line":249,"column":32},"end":{"line":249,"column":34}}]},"26":{"line":264,"type":"if","locations":[{"start":{"line":264,"column":1},"end":{"line":264,"column":1}},{"start":{"line":264,"column":1},"end":{"line":264,"column":1}}]},"27":{"line":264,"type":"binary-expr","locations":[{"start":{"line":264,"column":4},"end":{"line":264,"column":23}},{"start":{"line":264,"column":27},"end":{"line":264,"column":56}}]},"28":{"line":292,"type":"if","locations":[{"start":{"line":292,"column":2},"end":{"line":292,"column":2}},{"start":{"line":292,"column":2},"end":{"line":292,"column":2}}]}},"l":{"3":1,"4":1,"5":1,"6":1,"7":1,"8":1,"9":1,"10":1,"11":1,"12":1,"13":1,"14":1,"17":1,"18":3,"19":3,"20":3,"21":3,"22":1,"23":2,"24":1,"26":3,"27":2,"30":1,"31":1,"32":1,"34":0,"38":1,"39":2,"40":2,"41":2,"43":2,"44":2,"45":2,"46":1,"49":2,"54":2,"55":2,"58":0,"63":1,"64":2,"65":2,"66":1,"67":1,"70":1,"74":1,"75":3,"76":3,"77":1,"79":3,"80":3,"81":3,"82":3,"83":1,"84":2,"85":1,"87":3,"88":2,"91":1,"92":1,"93":1,"94":1,"97":1,"98":1,"100":0,"104":1,"105":1,"106":1,"109":1,"111":0,"115":1,"116":2,"117":2,"118":2,"119":1,"121":1,"122":1,"123":1,"125":0,"136":1,"137":2,"138":1,"140":1,"141":1,"142":1,"143":1,"144":1,"146":0,"148":1,"149":1,"150":1,"152":0,"156":1,"157":2,"158":2,"160":1,"161":1,"163":2,"164":2,"166":0,"170":1,"171":2,"172":2,"173":2,"174":2,"175":2,"176":2,"177":2,"179":1,"180":1,"182":2,"188":2,"190":0,"195":1,"196":1,"197":1,"201":1,"203":1,"204":1,"205":1,"206":1,"208":0,"213":1,"214":2,"215":2,"217":2,"218":2,"219":2,"220":2,"222":1,"223":1,"224":1,"226":2,"228":2,"229":1,"230":1,"232":1,"233":1,"235":2,"241":2,"246":2,"247":2,"248":2,"249":2,"250":2,"253":2,"256":0,"262":1,"264":1,"265":1,"266":1,"267":1,"268":1,"271":1,"273":0,"275":1,"277":0,"278":0,"279":0,"283":1,"284":2,"285":2,"288":2,"289":1,"291":2,"292":2,"293":1,"294":1,"295":1,"297":1,"298":1,"299":1,"302":2,"303":2,"304":2,"307":0}},
"/Users/hutu/webwork/blog/jackblog-api-es5/server/components/qiniu/index.js":{"path":"/Users/hutu/webwork/blog/jackblog-api-es5/server/components/qiniu/index.js","s":{"1":1,"2":1,"3":1,"4":1,"5":1,"6":1,"7":1,"8":1,"9":1,"10":1,"11":1,"12":1,"13":1,"14":1,"15":1,"16":1,"17":1,"18":1,"19":1,"20":1,"21":1,"22":1,"23":1,"24":1,"25":1,"26":1,"27":1,"28":1,"29":1,"30":1,"31":1,"32":1,"33":1,"34":1,"35":1,"36":1,"37":1,"38":1,"39":1,"40":1,"41":1,"42":1,"43":1,"44":1,"45":1,"46":1,"47":1,"48":1,"49":1,"50":1,"51":1,"52":1,"53":1},"b":{},"f":{"1":1,"2":1,"3":1,"4":1,"5":1,"6":1,"7":1,"8":1,"9":1,"10":1,"11":1,"12":1,"13":1},"fnMap":{"1":{"name":"getUptoken","line":31,"loc":{"start":{"line":31,"column":0},"end":{"line":31,"column":32}}},"2":{"name":"(anonymous_2)","line":39,"loc":{"start":{"line":39,"column":16},"end":{"line":39,"column":35}}},"3":{"name":"(anonymous_3)","line":40,"loc":{"start":{"line":40,"column":46},"end":{"line":40,"column":73}}},"4":{"name":"(anonymous_4)","line":47,"loc":{"start":{"line":47,"column":17},"end":{"line":47,"column":37}}},"5":{"name":"(anonymous_5)","line":50,"loc":{"start":{"line":50,"column":58},"end":{"line":50,"column":83}}},"6":{"name":"(anonymous_6)","line":57,"loc":{"start":{"line":57,"column":15},"end":{"line":57,"column":39}}},"7":{"name":"(anonymous_7)","line":60,"loc":{"start":{"line":60,"column":70},"end":{"line":60,"column":97}}},"8":{"name":"(anonymous_8)","line":65,"loc":{"start":{"line":65,"column":15},"end":{"line":65,"column":39}}},"9":{"name":"(anonymous_9)","line":68,"loc":{"start":{"line":68,"column":70},"end":{"line":68,"column":97}}},"10":{"name":"(anonymous_10)","line":73,"loc":{"start":{"line":73,"column":17},"end":{"line":73,"column":30}}},"11":{"name":"(anonymous_11)","line":74,"loc":{"start":{"line":74,"column":43},"end":{"line":74,"column":70}}},"12":{"name":"(anonymous_12)","line":83,"loc":{"start":{"line":83,"column":15},"end":{"line":83,"column":46}}},"13":{"name":"(anonymous_13)","line":84,"loc":{"start":{"line":84,"column":60},"end":{"line":84,"column":85}}}},"statementMap":{"1":{"start":{"line":3,"column":0},"end":{"line":3,"column":26}},"2":{"start":{"line":4,"column":0},"end":{"line":4,"column":41}},"3":{"start":{"line":5,"column":0},"end":{"line":5,"column":35}},"4":{"start":{"line":6,"column":0},"end":{"line":6,"column":34}},"5":{"start":{"line":7,"column":0},"end":{"line":7,"column":29}},"6":{"start":{"line":9,"column":0},"end":{"line":9,"column":45}},"7":{"start":{"line":10,"column":0},"end":{"line":10,"column":48}},"8":{"start":{"line":11,"column":0},"end":{"line":11,"column":35}},"9":{"start":{"line":14,"column":0},"end":{"line":14,"column":63}},"10":{"start":{"line":15,"column":0},"end":{"line":15,"column":54}},"11":{"start":{"line":16,"column":0},"end":{"line":16,"column":54}},"12":{"start":{"line":17,"column":0},"end":{"line":17,"column":58}},"13":{"start":{"line":18,"column":0},"end":{"line":18,"column":54}},"14":{"start":{"line":19,"column":0},"end":{"line":19,"column":56}},"15":{"start":{"line":20,"column":0},"end":{"line":20,"column":65}},"16":{"start":{"line":22,"column":0},"end":{"line":22,"column":32}},"17":{"start":{"line":23,"column":0},"end":{"line":23,"column":28}},"18":{"start":{"line":24,"column":0},"end":{"line":24,"column":28}},"19":{"start":{"line":25,"column":0},"end":{"line":25,"column":32}},"20":{"start":{"line":26,"column":0},"end":{"line":26,"column":28}},"21":{"start":{"line":27,"column":0},"end":{"line":27,"column":30}},"22":{"start":{"line":28,"column":0},"end":{"line":28,"column":26}},"23":{"start":{"line":31,"column":0},"end":{"line":34,"column":1}},"24":{"start":{"line":32,"column":2},"end":{"line":32,"column":53}},"25":{"start":{"line":33,"column":2},"end":{"line":33,"column":27}},"26":{"start":{"line":36,"column":0},"end":{"line":36,"column":33}},"27":{"start":{"line":37,"column":0},"end":{"line":37,"column":24}},"28":{"start":{"line":39,"column":0},"end":{"line":44,"column":1}},"29":{"start":{"line":40,"column":1},"end":{"line":43,"column":4}},"30":{"start":{"line":41,"column":2},"end":{"line":41,"column":48}},"31":{"start":{"line":42,"column":2},"end":{"line":42,"column":16}},"32":{"start":{"line":47,"column":0},"end":{"line":54,"column":1}},"33":{"start":{"line":48,"column":1},"end":{"line":48,"column":37}},"34":{"start":{"line":49,"column":1},"end":{"line":49,"column":47}},"35":{"start":{"line":50,"column":1},"end":{"line":53,"column":5}},"36":{"start":{"line":51,"column":2},"end":{"line":51,"column":48}},"37":{"start":{"line":52,"column":4},"end":{"line":52,"column":18}},"38":{"start":{"line":57,"column":0},"end":{"line":63,"column":2}},"39":{"start":{"line":58,"column":1},"end":{"line":58,"column":26}},"40":{"start":{"line":59,"column":1},"end":{"line":59,"column":33}},"41":{"start":{"line":60,"column":2},"end":{"line":62,"column":5}},"42":{"start":{"line":61,"column":3},"end":{"line":61,"column":17}},"43":{"start":{"line":65,"column":0},"end":{"line":71,"column":2}},"44":{"start":{"line":66,"column":1},"end":{"line":66,"column":26}},"45":{"start":{"line":67,"column":1},"end":{"line":67,"column":33}},"46":{"start":{"line":68,"column":2},"end":{"line":70,"column":5}},"47":{"start":{"line":69,"column":3},"end":{"line":69,"column":17}},"48":{"start":{"line":73,"column":0},"end":{"line":77,"column":2}},"49":{"start":{"line":74,"column":1},"end":{"line":76,"column":3}},"50":{"start":{"line":75,"column":2},"end":{"line":75,"column":16}},"51":{"start":{"line":83,"column":0},"end":{"line":87,"column":2}},"52":{"start":{"line":84,"column":2},"end":{"line":86,"column":4}},"53":{"start":{"line":85,"column":4},"end":{"line":85,"column":18}}},"branchMap":{},"l":{"3":1,"4":1,"5":1,"6":1,"7":1,"9":1,"10":1,"11":1,"14":1,"15":1,"16":1,"17":1,"18":1,"19":1,"20":1,"22":1,"23":1,"24":1,"25":1,"26":1,"27":1,"28":1,"31":1,"32":1,"33":1,"36":1,"37":1,"39":1,"40":1,"41":1,"42":1,"47":1,"48":1,"49":1,"50":1,"51":1,"52":1,"57":1,"58":1,"59":1,"60":1,"61":1,"65":1,"66":1,"67":1,"68":1,"69":1,"73":1,"74":1,"75":1,"83":1,"84":1,"85":1}},
"/Users/hutu/webwork/blog/jackblog-api-es5/server/api/comment/index.js":{"path":"/Users/hutu/webwork/blog/jackblog-api-es5/server/api/comment/index.js","s":{"1":1,"2":1,"3":1,"4":1,"5":1,"6":1,"7":1,"8":1,"9":1,"10":1},"b":{},"f":{},"fnMap":{},"statementMap":{"1":{"start":{"line":3,"column":0},"end":{"line":3,"column":33}},"2":{"start":{"line":4,"column":0},"end":{"line":4,"column":49}},"3":{"start":{"line":5,"column":0},"end":{"line":5,"column":46}},"4":{"start":{"line":7,"column":0},"end":{"line":7,"column":30}},"5":{"start":{"line":9,"column":0},"end":{"line":9,"column":66}},"6":{"start":{"line":10,"column":0},"end":{"line":10,"column":72}},"7":{"start":{"line":12,"column":0},"end":{"line":12,"column":78}},"8":{"start":{"line":13,"column":0},"end":{"line":13,"column":70}},"9":{"start":{"line":14,"column":0},"end":{"line":14,"column":78}},"10":{"start":{"line":15,"column":0},"end":{"line":15,"column":24}}},"branchMap":{},"l":{"3":1,"4":1,"5":1,"7":1,"9":1,"10":1,"12":1,"13":1,"14":1,"15":1}},
"/Users/hutu/webwork/blog/jackblog-api-es5/server/api/comment/comment.controller.js":{"path":"/Users/hutu/webwork/blog/jackblog-api-es5/server/api/comment/comment.controller.js","s":{"1":1,"2":1,"3":1,"4":1,"5":1,"6":3,"7":3,"8":3,"9":3,"10":3,"11":1,"12":2,"13":1,"14":3,"15":2,"16":1,"17":1,"18":1,"19":1,"20":1,"21":0,"22":1,"23":0,"24":0,"25":0,"26":0,"27":1,"28":2,"29":2,"30":1,"31":1,"32":1,"33":1,"34":1,"35":1,"36":0,"37":1,"38":2,"39":2,"40":1,"41":1,"42":1,"43":1,"44":3,"45":3,"46":3,"47":1,"48":2,"49":1,"50":1},"b":{"1":[1,2],"2":[1,1],"3":[2,1],"4":[2,1],"5":[1,1],"6":[2,1],"7":[1,2]},"f":{"1":3,"2":1,"3":0,"4":0,"5":0,"6":0,"7":2,"8":1,"9":0,"10":2,"11":1,"12":1,"13":3,"14":1,"15":1},"fnMap":{"1":{"name":"(anonymous_1)","line":9,"loc":{"start":{"line":9,"column":24},"end":{"line":9,"column":43}}},"2":{"name":"(anonymous_2)","line":26,"loc":{"start":{"line":26,"column":9},"end":{"line":26,"column":27}}},"3":{"name":"(anonymous_3)","line":35,"loc":{"start":{"line":35,"column":10},"end":{"line":35,"column":25}}},"4":{"name":"(anonymous_4)","line":41,"loc":{"start":{"line":41,"column":30},"end":{"line":41,"column":49}}},"5":{"name":"(anonymous_5)","line":49,"loc":{"start":{"line":49,"column":14},"end":{"line":49,"column":37}}},"6":{"name":"(anonymous_6)","line":51,"loc":{"start":{"line":51,"column":14},"end":{"line":51,"column":29}}},"7":{"name":"(anonymous_7)","line":56,"loc":{"start":{"line":56,"column":22},"end":{"line":56,"column":41}}},"8":{"name":"(anonymous_8)","line":67,"loc":{"start":{"line":67,"column":80},"end":{"line":67,"column":98}}},"9":{"name":"(anonymous_9)","line":69,"loc":{"start":{"line":69,"column":10},"end":{"line":69,"column":25}}},"10":{"name":"(anonymous_10)","line":74,"loc":{"start":{"line":74,"column":21},"end":{"line":74,"column":40}}},"11":{"name":"(anonymous_11)","line":76,"loc":{"start":{"line":76,"column":42},"end":{"line":76,"column":60}}},"12":{"name":"(anonymous_12)","line":80,"loc":{"start":{"line":80,"column":10},"end":{"line":80,"column":25}}},"13":{"name":"(anonymous_13)","line":85,"loc":{"start":{"line":85,"column":19},"end":{"line":85,"column":38}}},"14":{"name":"(anonymous_14)","line":91,"loc":{"start":{"line":91,"column":107},"end":{"line":91,"column":125}}},"15":{"name":"(anonymous_15)","line":93,"loc":{"start":{"line":93,"column":10},"end":{"line":93,"column":25}}}},"statementMap":{"1":{"start":{"line":3,"column":0},"end":{"line":3,"column":26}},"2":{"start":{"line":4,"column":0},"end":{"line":4,"column":35}},"3":{"start":{"line":5,"column":0},"end":{"line":5,"column":40}},"4":{"start":{"line":6,"column":0},"end":{"line":6,"column":37}},"5":{"start":{"line":9,"column":0},"end":{"line":38,"column":1}},"6":{"start":{"line":10,"column":1},"end":{"line":10,"column":24}},"7":{"start":{"line":11,"column":1},"end":{"line":11,"column":32}},"8":{"start":{"line":12,"column":1},"end":{"line":12,"column":27}},"9":{"start":{"line":13,"column":1},"end":{"line":13,"column":15}},"10":{"start":{"line":14,"column":1},"end":{"line":18,"column":2}},"11":{"start":{"line":15,"column":2},"end":{"line":15,"column":23}},"12":{"start":{"line":16,"column":7},"end":{"line":18,"column":2}},"13":{"start":{"line":17,"column":2},"end":{"line":17,"column":25}},"14":{"start":{"line":19,"column":1},"end":{"line":21,"column":2}},"15":{"start":{"line":20,"column":2},"end":{"line":20,"column":53}},"16":{"start":{"line":22,"column":1},"end":{"line":37,"column":4}},"17":{"start":{"line":27,"column":2},"end":{"line":27,"column":34}},"18":{"start":{"line":28,"column":2},"end":{"line":32,"column":3}},"19":{"start":{"line":33,"column":2},"end":{"line":33,"column":60}},"20":{"start":{"line":34,"column":2},"end":{"line":34,"column":59}},"21":{"start":{"line":36,"column":2},"end":{"line":36,"column":32}},"22":{"start":{"line":41,"column":0},"end":{"line":54,"column":1}},"23":{"start":{"line":42,"column":1},"end":{"line":42,"column":25}},"24":{"start":{"line":43,"column":1},"end":{"line":53,"column":4}},"25":{"start":{"line":50,"column":2},"end":{"line":50,"column":50}},"26":{"start":{"line":52,"column":2},"end":{"line":52,"column":32}},"27":{"start":{"line":56,"column":0},"end":{"line":72,"column":1}},"28":{"start":{"line":57,"column":1},"end":{"line":57,"column":25}},"29":{"start":{"line":58,"column":1},"end":{"line":60,"column":2}},"30":{"start":{"line":59,"column":2},"end":{"line":59,"column":54}},"31":{"start":{"line":61,"column":1},"end":{"line":61,"column":22}},"32":{"start":{"line":62,"column":2},"end":{"line":65,"column":3}},"33":{"start":{"line":66,"column":2},"end":{"line":66,"column":29}},"34":{"start":{"line":67,"column":1},"end":{"line":71,"column":4}},"35":{"start":{"line":68,"column":2},"end":{"line":68,"column":65}},"36":{"start":{"line":70,"column":2},"end":{"line":70,"column":32}},"37":{"start":{"line":74,"column":0},"end":{"line":83,"column":1}},"38":{"start":{"line":75,"column":1},"end":{"line":75,"column":25}},"39":{"start":{"line":76,"column":1},"end":{"line":82,"column":3}},"40":{"start":{"line":78,"column":2},"end":{"line":78,"column":68}},"41":{"start":{"line":79,"column":2},"end":{"line":79,"column":46}},"42":{"start":{"line":81,"column":2},"end":{"line":81,"column":32}},"43":{"start":{"line":85,"column":0},"end":{"line":96,"column":1}},"44":{"start":{"line":86,"column":1},"end":{"line":86,"column":25}},"45":{"start":{"line":87,"column":1},"end":{"line":87,"column":24}},"46":{"start":{"line":88,"column":1},"end":{"line":90,"column":2}},"47":{"start":{"line":89,"column":2},"end":{"line":89,"column":53}},"48":{"start":{"line":91,"column":1},"end":{"line":95,"column":4}},"49":{"start":{"line":92,"column":2},"end":{"line":92,"column":58}},"50":{"start":{"line":94,"column":2},"end":{"line":94,"column":32}}},"branchMap":{"1":{"line":14,"type":"if","locations":[{"start":{"line":14,"column":1},"end":{"line":14,"column":1}},{"start":{"line":14,"column":1},"end":{"line":14,"column":1}}]},"2":{"line":16,"type":"if","locations":[{"start":{"line":16,"column":7},"end":{"line":16,"column":7}},{"start":{"line":16,"column":7},"end":{"line":16,"column":7}}]},"3":{"line":16,"type":"binary-expr","locations":[{"start":{"line":16,"column":10},"end":{"line":16,"column":18}},{"start":{"line":16,"column":22},"end":{"line":16,"column":35}}]},"4":{"line":19,"type":"if","locations":[{"start":{"line":19,"column":1},"end":{"line":19,"column":1}},{"start":{"line":19,"column":1},"end":{"line":19,"column":1}}]},"5":{"line":58,"type":"if","locations":[{"start":{"line":58,"column":1},"end":{"line":58,"column":1}},{"start":{"line":58,"column":1},"end":{"line":58,"column":1}}]},"6":{"line":58,"type":"binary-expr","locations":[{"start":{"line":58,"column":4},"end":{"line":58,"column":21}},{"start":{"line":58,"column":25},"end":{"line":58,"column":47}}]},"7":{"line":88,"type":"if","locations":[{"start":{"line":88,"column":1},"end":{"line":88,"column":1}},{"start":{"line":88,"column":1},"end":{"line":88,"column":1}}]}},"l":{"3":1,"4":1,"5":1,"6":1,"9":1,"10":3,"11":3,"12":3,"13":3,"14":3,"15":1,"16":2,"17":1,"19":3,"20":2,"22":1,"27":1,"28":1,"33":1,"34":1,"36":0,"41":1,"42":0,"43":0,"50":0,"52":0,"56":1,"57":2,"58":2,"59":1,"61":1,"62":1,"66":1,"67":1,"68":1,"70":0,"74":1,"75":2,"76":2,"78":1,"79":1,"81":1,"85":1,"86":3,"87":3,"88":3,"89":1,"91":2,"92":1,"94":1}},
"/Users/hutu/webwork/blog/jackblog-api-es5/server/api/logs/index.js":{"path":"/Users/hutu/webwork/blog/jackblog-api-es5/server/api/logs/index.js","s":{"1":1,"2":1,"3":1,"4":1,"5":1,"6":1},"b":{},"f":{},"fnMap":{},"statementMap":{"1":{"start":{"line":3,"column":0},"end":{"line":3,"column":33}},"2":{"start":{"line":4,"column":0},"end":{"line":4,"column":46}},"3":{"start":{"line":5,"column":0},"end":{"line":5,"column":46}},"4":{"start":{"line":7,"column":0},"end":{"line":7,"column":30}},"5":{"start":{"line":9,"column":0},"end":{"line":9,"column":72}},"6":{"start":{"line":11,"column":0},"end":{"line":11,"column":24}}},"branchMap":{},"l":{"3":1,"4":1,"5":1,"7":1,"9":1,"11":1}},
"/Users/hutu/webwork/blog/jackblog-api-es5/server/api/logs/logs.controller.js":{"path":"/Users/hutu/webwork/blog/jackblog-api-es5/server/api/logs/logs.controller.js","s":{"1":1,"2":1,"3":1,"4":1,"5":2,"6":2,"7":2,"8":2,"9":2,"10":2,"11":1,"12":2,"13":2,"14":2,"15":0},"b":{"1":[1,1],"2":[1,1],"3":[2,1],"4":[1,1]},"f":{"1":2,"2":2,"3":2,"4":0},"fnMap":{"1":{"name":"(anonymous_1)","line":10,"loc":{"start":{"line":10,"column":22},"end":{"line":10,"column":39}}},"2":{"name":"(anonymous_2)","line":25,"loc":{"start":{"line":25,"column":15},"end":{"line":25,"column":33}}},"3":{"name":"(anonymous_3)","line":26,"loc":{"start":{"line":26,"column":26},"end":{"line":26,"column":43}}},"4":{"name":"(anonymous_4)","line":29,"loc":{"start":{"line":29,"column":15},"end":{"line":29,"column":30}}}},"statementMap":{"1":{"start":{"line":3,"column":0},"end":{"line":3,"column":26}},"2":{"start":{"line":4,"column":0},"end":{"line":4,"column":35}},"3":{"start":{"line":5,"column":0},"end":{"line":5,"column":34}},"4":{"start":{"line":10,"column":0},"end":{"line":33,"column":2}},"5":{"start":{"line":12,"column":1},"end":{"line":12,"column":91}},"6":{"start":{"line":13,"column":1},"end":{"line":13,"column":95}},"7":{"start":{"line":14,"column":1},"end":{"line":14,"column":49}},"8":{"start":{"line":16,"column":1},"end":{"line":16,"column":56}},"9":{"start":{"line":17,"column":1},"end":{"line":17,"column":37}},"10":{"start":{"line":18,"column":1},"end":{"line":20,"column":2}},"11":{"start":{"line":19,"column":2},"end":{"line":19,"column":28}},"12":{"start":{"line":21,"column":1},"end":{"line":31,"column":5}},"13":{"start":{"line":26,"column":3},"end":{"line":28,"column":6}},"14":{"start":{"line":27,"column":4},"end":{"line":27,"column":64}},"15":{"start":{"line":30,"column":3},"end":{"line":30,"column":33}}},"branchMap":{"1":{"line":12,"type":"cond-expr","locations":[{"start":{"line":12,"column":57},"end":{"line":12,"column":88}},{"start":{"line":12,"column":89},"end":{"line":12,"column":90}}]},"2":{"line":13,"type":"cond-expr","locations":[{"start":{"line":13,"column":59},"end":{"line":13,"column":91}},{"start":{"line":13,"column":92},"end":{"line":13,"column":94}}]},"3":{"line":16,"type":"binary-expr","locations":[{"start":{"line":16,"column":16},"end":{"line":16,"column":42}},{"start":{"line":16,"column":46},"end":{"line":16,"column":55}}]},"4":{"line":18,"type":"if","locations":[{"start":{"line":18,"column":1},"end":{"line":18,"column":1}},{"start":{"line":18,"column":1},"end":{"line":18,"column":1}}]}},"l":{"3":1,"4":1,"5":1,"10":1,"12":2,"13":2,"14":2,"16":2,"17":2,"18":2,"19":1,"21":2,"26":2,"27":2,"30":0}}}
