TN:
SF:/Users/hutu/webwork/blog/jackblog-api-es5/server/api/user/index.js
FNF:0
FNH:0
DA:3,1
DA:4,1
DA:5,1
DA:7,1
DA:9,1
DA:10,1
DA:11,1
DA:12,1
DA:14,1
DA:15,1
DA:16,1
DA:18,1
DA:20,1
LF:13
LH:13
BRF:0
BRH:0
end_of_record
TN:
SF:/Users/hutu/webwork/blog/jackblog-api-es5/server/api/user/user.controller.js
FN:10,(anonymous_1)
FN:18,(anonymous_2)
FN:20,(anonymous_3)
FN:22,(anonymous_4)
FN:27,(anonymous_5)
FN:39,(anonymous_6)
FN:44,(anonymous_7)
FN:47,(anonymous_8)
FN:54,(anonymous_9)
FN:76,(anonymous_10)
FN:83,(anonymous_11)
FN:92,(anonymous_12)
FN:98,(anonymous_13)
FN:105,(anonymous_14)
FN:112,(anonymous_15)
FN:134,(anonymous_16)
FN:143,(anonymous_17)
FN:152,(anonymous_18)
FN:162,(anonymous_19)
FN:189,(anonymous_20)
FN:191,(anonymous_21)
FN:200,(anonymous_22)
FN:201,(anonymous_23)
FN:203,(anonymous_24)
FNF:24
FNH:21
FNDA:1,(anonymous_1)
FNDA:1,(anonymous_2)
FNDA:1,(anonymous_3)
FNDA:0,(anonymous_4)
FNDA:2,(anonymous_5)
FNDA:2,(anonymous_6)
FNDA:2,(anonymous_7)
FNDA:0,(anonymous_8)
FNDA:6,(anonymous_9)
FNDA:1,(anonymous_10)
FNDA:1,(anonymous_11)
FNDA:3,(anonymous_12)
FNDA:1,(anonymous_13)
FNDA:1,(anonymous_14)
FNDA:7,(anonymous_15)
FNDA:3,(anonymous_16)
FNDA:2,(anonymous_17)
FNDA:1,(anonymous_18)
FNDA:4,(anonymous_19)
FNDA:1,(anonymous_20)
FNDA:1,(anonymous_21)
FNDA:1,(anonymous_22)
FNDA:1,(anonymous_23)
FNDA:0,(anonymous_24)
DA:3,1
DA:4,1
DA:5,1
DA:6,1
DA:10,1
DA:11,1
DA:12,1
DA:13,1
DA:14,1
DA:15,1
DA:18,1
DA:19,1
DA:20,1
DA:21,1
DA:23,0
DA:27,1
DA:28,2
DA:29,2
DA:30,2
DA:32,2
DA:33,2
DA:34,2
DA:35,1
DA:39,2
DA:40,2
DA:45,2
DA:48,0
DA:54,1
DA:55,6
DA:56,6
DA:57,6
DA:58,6
DA:59,6
DA:60,6
DA:61,1
DA:62,5
DA:63,1
DA:64,4
DA:66,1
DA:67,3
DA:68,1
DA:70,6
DA:71,4
DA:74,2
DA:75,2
DA:76,2
DA:77,1
DA:82,1
DA:84,1
DA:85,1
DA:87,1
DA:92,1
DA:93,3
DA:95,3
DA:96,1
DA:98,2
DA:99,1
DA:104,1
DA:106,1
DA:112,1
DA:114,7
DA:115,7
DA:116,7
DA:117,7
DA:118,7
DA:119,7
DA:120,7
DA:121,1
DA:122,6
DA:123,1
DA:124,5
DA:126,1
DA:127,4
DA:128,1
DA:130,7
DA:131,4
DA:134,3
DA:135,3
DA:136,3
DA:137,3
DA:138,3
DA:140,3
DA:141,1
DA:143,3
DA:144,2
DA:149,2
DA:153,1
DA:154,1
DA:156,1
DA:162,1
DA:163,4
DA:164,4
DA:167,4
DA:168,4
DA:169,1
DA:170,3
DA:172,1
DA:174,4
DA:175,2
DA:186,2
DA:188,2
DA:189,2
DA:190,1
DA:192,1
DA:193,1
DA:195,1
DA:200,1
DA:201,1
DA:202,1
DA:204,0
LF:110
LH:107
BRDA:28,1,0,0
BRDA:28,1,1,2
BRDA:29,2,0,1
BRDA:29,2,1,1
BRDA:32,3,0,2
BRDA:32,3,1,1
BRDA:34,4,0,1
BRDA:34,4,1,1
BRDA:55,5,0,5
BRDA:55,5,1,1
BRDA:56,6,0,5
BRDA:56,6,1,1
BRDA:60,7,0,1
BRDA:60,7,1,5
BRDA:62,8,0,1
BRDA:62,8,1,4
BRDA:64,9,0,1
BRDA:64,9,1,3
BRDA:64,10,0,4
BRDA:64,10,1,4
BRDA:64,10,2,4
BRDA:67,11,0,1
BRDA:67,11,1,2
BRDA:67,12,0,3
BRDA:67,12,1,3
BRDA:67,12,2,3
BRDA:70,13,0,4
BRDA:70,13,1,2
BRDA:79,14,0,1
BRDA:79,14,1,0
BRDA:84,15,0,1
BRDA:84,15,1,0
BRDA:95,16,0,1
BRDA:95,16,1,2
BRDA:101,17,0,1
BRDA:101,17,1,0
BRDA:115,18,0,6
BRDA:115,18,1,1
BRDA:116,19,0,6
BRDA:116,19,1,1
BRDA:120,20,0,1
BRDA:120,20,1,6
BRDA:122,21,0,1
BRDA:122,21,1,5
BRDA:124,22,0,1
BRDA:124,22,1,4
BRDA:124,23,0,5
BRDA:124,23,1,5
BRDA:124,23,2,5
BRDA:127,24,0,1
BRDA:127,24,1,3
BRDA:127,25,0,4
BRDA:127,25,1,4
BRDA:127,25,2,4
BRDA:130,26,0,4
BRDA:130,26,1,3
BRDA:137,27,0,3
BRDA:137,27,1,0
BRDA:140,28,0,1
BRDA:140,28,1,2
BRDA:146,29,0,2
BRDA:146,29,1,0
BRDA:153,30,0,1
BRDA:153,30,1,0
BRDA:163,31,0,3
BRDA:163,31,1,1
BRDA:168,32,0,1
BRDA:168,32,1,3
BRDA:170,33,0,1
BRDA:170,33,1,2
BRDA:170,34,0,3
BRDA:170,34,1,3
BRDA:170,34,2,3
BRDA:174,35,0,2
BRDA:174,35,1,2
BRDA:192,36,0,1
BRDA:192,36,1,0
BRF:77
BRH:69
end_of_record
TN:
SF:/Users/hutu/webwork/blog/jackblog-api-es5/server/components/logs/index.js
FNF:0
FNH:0
DA:3,1
DA:4,1
DA:7,1
DA:43,1
LF:4
LH:4
BRF:0
BRH:0
end_of_record
TN:
SF:/Users/hutu/webwork/blog/jackblog-api-es5/server/components/tools/index.js
FN:4,(anonymous_1)
FN:15,(anonymous_2)
FN:20,(anonymous_3)
FNF:3
FNH:3
FNDA:2,(anonymous_1)
FNDA:4,(anonymous_2)
FNDA:3,(anonymous_3)
DA:2,1
DA:4,1
DA:5,2
DA:6,2
DA:7,2
DA:8,2
DA:9,2
DA:10,18
DA:12,2
DA:15,1
DA:16,4
DA:17,4
DA:18,4
DA:19,3
DA:20,3
DA:21,3
DA:23,3
DA:24,3
DA:28,4
LF:19
LH:19
BRDA:5,1,0,2
BRDA:5,1,1,1
BRDA:18,2,0,3
BRDA:18,2,1,1
BRDA:18,3,0,4
BRDA:18,3,1,3
BRDA:21,4,0,3
BRDA:21,4,1,0
BRDA:23,5,0,3
BRDA:23,5,1,0
BRF:10
BRH:8
end_of_record
TN:
SF:/Users/hutu/webwork/blog/jackblog-api-es5/server/api/tags/index.js
FNF:0
FNH:0
DA:3,1
DA:4,1
DA:5,1
DA:7,1
DA:9,1
DA:10,1
DA:11,1
DA:12,1
DA:13,1
DA:14,1
DA:15,1
DA:16,1
DA:18,1
DA:19,1
LF:14
LH:14
BRF:0
BRH:0
end_of_record
TN:
SF:/Users/hutu/webwork/blog/jackblog-api-es5/server/api/tags/tags.controller.js
FN:9,(anonymous_1)
FN:14,(anonymous_2)
FN:18,(anonymous_3)
FN:22,(anonymous_4)
FN:28,(anonymous_5)
FN:29,(anonymous_6)
FN:31,(anonymous_7)
FN:37,(anonymous_8)
FN:42,(anonymous_9)
FN:44,(anonymous_10)
FN:50,(anonymous_11)
FN:52,(anonymous_12)
FN:57,(anonymous_13)
FN:61,(anonymous_14)
FN:67,(anonymous_15)
FN:77,(anonymous_16)
FN:79,(anonymous_17)
FN:84,(anonymous_18)
FN:97,(anonymous_19)
FN:101,(anonymous_20)
FN:105,(anonymous_21)
FN:111,(anonymous_22)
FN:113,(anonymous_23)
FN:115,(anonymous_24)
FN:120,(anonymous_25)
FN:125,(anonymous_26)
FN:127,(anonymous_27)
FN:133,(anonymous_28)
FN:134,(anonymous_29)
FN:136,(anonymous_30)
FNF:30
FNH:23
FNDA:3,(anonymous_1)
FNDA:2,(anonymous_2)
FNDA:1,(anonymous_3)
FNDA:0,(anonymous_4)
FNDA:1,(anonymous_5)
FNDA:1,(anonymous_6)
FNDA:0,(anonymous_7)
FNDA:1,(anonymous_8)
FNDA:1,(anonymous_9)
FNDA:0,(anonymous_10)
FNDA:3,(anonymous_11)
FNDA:2,(anonymous_12)
FNDA:1,(anonymous_13)
FNDA:1,(anonymous_14)
FNDA:2,(anonymous_15)
FNDA:2,(anonymous_16)
FNDA:0,(anonymous_17)
FNDA:4,(anonymous_18)
FNDA:2,(anonymous_19)
FNDA:1,(anonymous_20)
FNDA:0,(anonymous_21)
FNDA:2,(anonymous_22)
FNDA:1,(anonymous_23)
FNDA:1,(anonymous_24)
FNDA:1,(anonymous_25)
FNDA:1,(anonymous_26)
FNDA:0,(anonymous_27)
FNDA:1,(anonymous_28)
FNDA:1,(anonymous_29)
FNDA:0,(anonymous_30)
DA:3,1
DA:4,1
DA:5,1
DA:6,1
DA:9,1
DA:10,3
DA:11,3
DA:12,1
DA:14,2
DA:15,2
DA:16,1
DA:18,1
DA:19,1
DA:23,0
DA:28,1
DA:29,1
DA:30,1
DA:32,0
DA:37,1
DA:38,1
DA:39,1
DA:40,1
DA:42,1
DA:43,1
DA:45,0
DA:50,1
DA:51,3
DA:52,3
DA:53,2
DA:55,1
DA:57,1
DA:58,1
DA:62,1
DA:67,1
DA:68,2
DA:69,2
DA:70,2
DA:71,1
DA:74,2
DA:78,2
DA:80,0
DA:84,1
DA:86,4
DA:87,4
DA:88,4
DA:89,4
DA:90,1
DA:91,3
DA:92,1
DA:94,4
DA:95,2
DA:97,2
DA:98,2
DA:99,1
DA:101,1
DA:102,1
DA:106,0
DA:111,1
DA:112,2
DA:113,2
DA:114,1
DA:116,1
DA:120,1
DA:121,1
DA:122,1
DA:123,1
DA:125,1
DA:126,1
DA:128,0
DA:133,1
DA:134,1
DA:135,1
DA:137,0
LF:73
LH:66
BRDA:11,1,0,1
BRDA:11,1,1,2
BRDA:15,2,0,1
BRDA:15,2,1,1
BRDA:39,3,0,1
BRDA:39,3,1,0
BRDA:53,4,0,1
BRDA:53,4,1,1
BRDA:70,5,0,1
BRDA:70,5,1,1
BRDA:89,6,0,1
BRDA:89,6,1,3
BRDA:91,7,0,1
BRDA:91,7,1,2
BRDA:94,8,0,2
BRDA:94,8,1,2
BRDA:98,9,0,1
BRDA:98,9,1,1
BRDA:122,10,0,1
BRDA:122,10,1,0
BRF:20
BRH:18
end_of_record
TN:
SF:/Users/hutu/webwork/blog/jackblog-api-es5/server/api/blog/index.js
FNF:0
FNH:0
DA:3,1
DA:4,1
DA:5,1
DA:6,1
DA:7,1
DA:9,1
DA:11,1
DA:12,1
DA:13,1
DA:14,1
DA:15,1
DA:26,1
DA:27,1
DA:30,1
DA:31,1
DA:32,1
DA:34,1
DA:36,1
DA:38,1
DA:39,1
LF:20
LH:20
BRF:0
BRH:0
end_of_record
TN:
SF:/Users/hutu/webwork/blog/jackblog-api-es5/server/api/blog/blog.controller.js
FN:17,(anonymous_1)
FN:31,(anonymous_2)
FN:33,(anonymous_3)
FN:38,(anonymous_4)
FN:53,(anonymous_5)
FN:54,(anonymous_6)
FN:57,(anonymous_7)
FN:63,(anonymous_8)
FN:65,(anonymous_9)
FN:66,(anonymous_10)
FN:69,(anonymous_11)
FN:74,(anonymous_12)
FN:97,(anonymous_13)
FN:99,(anonymous_14)
FN:104,(anonymous_15)
FN:108,(anonymous_16)
FN:110,(anonymous_17)
FN:115,(anonymous_18)
FN:122,(anonymous_19)
FN:124,(anonymous_20)
FN:136,(anonymous_21)
FN:149,(anonymous_22)
FN:151,(anonymous_23)
FN:156,(anonymous_24)
FN:163,(anonymous_25)
FN:165,(anonymous_26)
FN:170,(anonymous_27)
FN:187,(anonymous_28)
FN:189,(anonymous_29)
FN:195,(anonymous_30)
FN:201,(anonymous_31)
FN:207,(anonymous_32)
FN:213,(anonymous_33)
FN:226,(anonymous_34)
FN:246,(anonymous_35)
FN:248,(anonymous_36)
FN:252,(anonymous_37)
FN:255,(anonymous_38)
FN:262,(anonymous_39)
FN:266,(anonymous_40)
FN:267,(anonymous_41)
FN:270,(anonymous_42)
FN:272,(anonymous_43)
FN:283,(anonymous_44)
FN:288,(anonymous_45)
FN:302,(anonymous_46)
FN:303,(anonymous_47)
FN:306,(anonymous_48)
FNF:48
FNH:36
FNDA:3,(anonymous_1)
FNDA:1,(anonymous_2)
FNDA:0,(anonymous_3)
FNDA:2,(anonymous_4)
FNDA:2,(anonymous_5)
FNDA:2,(anonymous_6)
FNDA:0,(anonymous_7)
FNDA:2,(anonymous_8)
FNDA:1,(anonymous_9)
FNDA:1,(anonymous_10)
FNDA:1,(anonymous_11)
FNDA:3,(anonymous_12)
FNDA:1,(anonymous_13)
FNDA:0,(anonymous_14)
FNDA:1,(anonymous_15)
FNDA:1,(anonymous_16)
FNDA:0,(anonymous_17)
FNDA:2,(anonymous_18)
FNDA:1,(anonymous_19)
FNDA:0,(anonymous_20)
FNDA:2,(anonymous_21)
FNDA:1,(anonymous_22)
FNDA:0,(anonymous_23)
FNDA:2,(anonymous_24)
FNDA:2,(anonymous_25)
FNDA:0,(anonymous_26)
FNDA:2,(anonymous_27)
FNDA:2,(anonymous_28)
FNDA:0,(anonymous_29)
FNDA:1,(anonymous_30)
FNDA:1,(anonymous_31)
FNDA:0,(anonymous_32)
FNDA:2,(anonymous_33)
FNDA:2,(anonymous_34)
FNDA:2,(anonymous_35)
FNDA:2,(anonymous_36)
FNDA:2,(anonymous_37)
FNDA:0,(anonymous_38)
FNDA:1,(anonymous_39)
FNDA:1,(anonymous_40)
FNDA:1,(anonymous_41)
FNDA:1,(anonymous_42)
FNDA:0,(anonymous_43)
FNDA:2,(anonymous_44)
FNDA:1,(anonymous_45)
FNDA:2,(anonymous_46)
FNDA:2,(anonymous_47)
FNDA:0,(anonymous_48)
DA:3,1
DA:4,1
DA:5,1
DA:6,1
DA:7,1
DA:8,1
DA:9,1
DA:10,1
DA:11,1
DA:12,1
DA:13,1
DA:14,1
DA:17,1
DA:18,3
DA:19,3
DA:20,3
DA:21,3
DA:22,1
DA:23,2
DA:24,1
DA:26,3
DA:27,2
DA:30,1
DA:31,1
DA:32,1
DA:34,0
DA:38,1
DA:39,2
DA:40,2
DA:41,2
DA:43,2
DA:44,2
DA:45,2
DA:46,1
DA:49,2
DA:54,2
DA:55,2
DA:58,0
DA:63,1
DA:64,2
DA:65,2
DA:66,1
DA:67,1
DA:70,1
DA:74,1
DA:75,3
DA:76,3
DA:77,1
DA:79,3
DA:80,3
DA:81,3
DA:82,3
DA:83,1
DA:84,2
DA:85,1
DA:87,3
DA:88,2
DA:91,1
DA:92,1
DA:93,1
DA:94,1
DA:97,1
DA:98,1
DA:100,0
DA:104,1
DA:105,1
DA:106,1
DA:109,1
DA:111,0
DA:115,1
DA:116,2
DA:117,2
DA:118,2
DA:119,1
DA:121,1
DA:122,1
DA:123,1
DA:125,0
DA:136,1
DA:137,2
DA:138,1
DA:140,1
DA:141,1
DA:142,1
DA:143,1
DA:144,1
DA:146,0
DA:148,1
DA:149,1
DA:150,1
DA:152,0
DA:156,1
DA:157,2
DA:158,2
DA:160,1
DA:161,1
DA:163,2
DA:164,2
DA:166,0
DA:170,1
DA:171,2
DA:172,2
DA:173,2
DA:174,2
DA:175,2
DA:176,2
DA:177,2
DA:179,1
DA:180,1
DA:182,2
DA:188,2
DA:190,0
DA:195,1
DA:196,1
DA:197,1
DA:201,1
DA:203,1
DA:204,1
DA:205,1
DA:206,1
DA:208,0
DA:213,1
DA:214,2
DA:215,2
DA:217,2
DA:218,2
DA:219,2
DA:220,2
DA:222,1
DA:223,1
DA:224,1
DA:226,2
DA:228,2
DA:229,1
DA:230,1
DA:232,1
DA:233,1
DA:235,2
DA:241,2
DA:246,2
DA:247,2
DA:248,2
DA:249,2
DA:250,2
DA:253,2
DA:256,0
DA:262,1
DA:264,1
DA:265,1
DA:266,1
DA:267,1
DA:268,1
DA:271,1
DA:273,0
DA:275,1
DA:277,0
DA:278,0
DA:279,0
DA:283,1
DA:284,2
DA:285,2
DA:288,2
DA:289,1
DA:291,2
DA:292,2
DA:293,1
DA:294,1
DA:295,1
DA:297,1
DA:298,1
DA:299,1
DA:302,2
DA:303,2
DA:304,2
DA:307,0
LF:175
LH:159
BRDA:21,1,0,1
BRDA:21,1,1,2
BRDA:23,2,0,1
BRDA:23,2,1,1
BRDA:26,3,0,2
BRDA:26,3,1,1
BRDA:39,4,0,0
BRDA:39,4,1,2
BRDA:40,5,0,1
BRDA:40,5,1,1
BRDA:43,6,0,2
BRDA:43,6,1,0
BRDA:45,7,0,1
BRDA:45,7,1,1
BRDA:76,8,0,1
BRDA:76,8,1,2
BRDA:82,9,0,1
BRDA:82,9,1,2
BRDA:84,10,0,1
BRDA:84,10,1,1
BRDA:87,11,0,2
BRDA:87,11,1,1
BRDA:93,12,0,1
BRDA:93,12,1,0
BRDA:118,13,0,1
BRDA:118,13,1,1
BRDA:137,14,0,1
BRDA:137,14,1,1
BRDA:142,15,0,1
BRDA:142,15,1,0
BRDA:158,16,0,1
BRDA:158,16,1,1
BRDA:171,17,0,0
BRDA:171,17,1,2
BRDA:172,18,0,1
BRDA:172,18,1,1
BRDA:174,19,0,2
BRDA:174,19,1,0
BRDA:177,20,0,1
BRDA:177,20,1,1
BRDA:215,21,0,2
BRDA:215,21,1,0
BRDA:220,22,0,1
BRDA:220,22,1,1
BRDA:228,23,0,1
BRDA:228,23,1,1
BRDA:247,24,0,2
BRDA:247,24,1,0
BRDA:249,25,0,2
BRDA:249,25,1,1
BRDA:264,26,0,1
BRDA:264,26,1,0
BRDA:264,27,0,1
BRDA:264,27,1,0
BRDA:292,28,0,1
BRDA:292,28,1,1
BRF:56
BRH:46
end_of_record
TN:
SF:/Users/hutu/webwork/blog/jackblog-api-es5/server/components/qiniu/index.js
FN:31,getUptoken
FN:39,(anonymous_2)
FN:40,(anonymous_3)
FN:47,(anonymous_4)
FN:50,(anonymous_5)
FN:57,(anonymous_6)
FN:60,(anonymous_7)
FN:65,(anonymous_8)
FN:68,(anonymous_9)
FN:73,(anonymous_10)
FN:74,(anonymous_11)
FN:83,(anonymous_12)
FN:84,(anonymous_13)
FNF:13
FNH:13
FNDA:1,getUptoken
FNDA:1,(anonymous_2)
FNDA:1,(anonymous_3)
FNDA:1,(anonymous_4)
FNDA:1,(anonymous_5)
FNDA:1,(anonymous_6)
FNDA:1,(anonymous_7)
FNDA:1,(anonymous_8)
FNDA:1,(anonymous_9)
FNDA:1,(anonymous_10)
FNDA:1,(anonymous_11)
FNDA:1,(anonymous_12)
FNDA:1,(anonymous_13)
DA:3,1
DA:4,1
DA:5,1
DA:6,1
DA:7,1
DA:9,1
DA:10,1
DA:11,1
DA:14,1
DA:15,1
DA:16,1
DA:17,1
DA:18,1
DA:19,1
DA:20,1
DA:22,1
DA:23,1
DA:24,1
DA:25,1
DA:26,1
DA:27,1
DA:28,1
DA:31,1
DA:32,1
DA:33,1
DA:36,1
DA:37,1
DA:39,1
DA:40,1
DA:41,1
DA:42,1
DA:47,1
DA:48,1
DA:49,1
DA:50,1
DA:51,1
DA:52,1
DA:57,1
DA:58,1
DA:59,1
DA:60,1
DA:61,1
DA:65,1
DA:66,1
DA:67,1
DA:68,1
DA:69,1
DA:73,1
DA:74,1
DA:75,1
DA:83,1
DA:84,1
DA:85,1
LF:53
LH:53
BRF:0
BRH:0
end_of_record
TN:
SF:/Users/hutu/webwork/blog/jackblog-api-es5/server/api/comment/index.js
FNF:0
FNH:0
DA:3,1
DA:4,1
DA:5,1
DA:7,1
DA:9,1
DA:10,1
DA:12,1
DA:13,1
DA:14,1
DA:15,1
LF:10
LH:10
BRF:0
BRH:0
end_of_record
TN:
SF:/Users/hutu/webwork/blog/jackblog-api-es5/server/api/comment/comment.controller.js
FN:9,(anonymous_1)
FN:26,(anonymous_2)
FN:35,(anonymous_3)
FN:41,(anonymous_4)
FN:49,(anonymous_5)
FN:51,(anonymous_6)
FN:56,(anonymous_7)
FN:67,(anonymous_8)
FN:69,(anonymous_9)
FN:74,(anonymous_10)
FN:76,(anonymous_11)
FN:80,(anonymous_12)
FN:85,(anonymous_13)
FN:91,(anonymous_14)
FN:93,(anonymous_15)
FNF:15
FNH:10
FNDA:3,(anonymous_1)
FNDA:1,(anonymous_2)
FNDA:0,(anonymous_3)
FNDA:0,(anonymous_4)
FNDA:0,(anonymous_5)
FNDA:0,(anonymous_6)
FNDA:2,(anonymous_7)
FNDA:1,(anonymous_8)
FNDA:0,(anonymous_9)
FNDA:2,(anonymous_10)
FNDA:1,(anonymous_11)
FNDA:1,(anonymous_12)
FNDA:3,(anonymous_13)
FNDA:1,(anonymous_14)
FNDA:1,(anonymous_15)
DA:3,1
DA:4,1
DA:5,1
DA:6,1
DA:9,1
DA:10,3
DA:11,3
DA:12,3
DA:13,3
DA:14,3
DA:15,1
DA:16,2
DA:17,1
DA:19,3
DA:20,2
DA:22,1
DA:27,1
DA:28,1
DA:33,1
DA:34,1
DA:36,0
DA:41,1
DA:42,0
DA:43,0
DA:50,0
DA:52,0
DA:56,1
DA:57,2
DA:58,2
DA:59,1
DA:61,1
DA:62,1
DA:66,1
DA:67,1
DA:68,1
DA:70,0
DA:74,1
DA:75,2
DA:76,2
DA:78,1
DA:79,1
DA:81,1
DA:85,1
DA:86,3
DA:87,3
DA:88,3
DA:89,1
DA:91,2
DA:92,1
DA:94,1
LF:50
LH:44
BRDA:14,1,0,1
BRDA:14,1,1,2
BRDA:16,2,0,1
BRDA:16,2,1,1
BRDA:16,3,0,2
BRDA:16,3,1,1
BRDA:19,4,0,2
BRDA:19,4,1,1
BRDA:58,5,0,1
BRDA:58,5,1,1
BRDA:58,6,0,2
BRDA:58,6,1,1
BRDA:88,7,0,1
BRDA:88,7,1,2
BRF:14
BRH:14
end_of_record
TN:
SF:/Users/hutu/webwork/blog/jackblog-api-es5/server/api/logs/index.js
FNF:0
FNH:0
DA:3,1
DA:4,1
DA:5,1
DA:7,1
DA:9,1
DA:11,1
LF:6
LH:6
BRF:0
BRH:0
end_of_record
TN:
SF:/Users/hutu/webwork/blog/jackblog-api-es5/server/api/logs/logs.controller.js
FN:10,(anonymous_1)
FN:25,(anonymous_2)
FN:26,(anonymous_3)
FN:29,(anonymous_4)
FNF:4
FNH:3
FNDA:2,(anonymous_1)
FNDA:2,(anonymous_2)
FNDA:2,(anonymous_3)
FNDA:0,(anonymous_4)
DA:3,1
DA:4,1
DA:5,1
DA:10,1
DA:12,2
DA:13,2
DA:14,2
DA:16,2
DA:17,2
DA:18,2
DA:19,1
DA:21,2
DA:26,2
DA:27,2
DA:30,0
LF:15
LH:14
BRDA:12,1,0,1
BRDA:12,1,1,1
BRDA:13,2,0,1
BRDA:13,2,1,1
BRDA:16,3,0,2
BRDA:16,3,1,1
BRDA:18,4,0,1
BRDA:18,4,1,1
BRF:8
BRH:8
end_of_record
